Logger Init
Initialization complete.
Cached supported calls version 1.5
Loaded supported calls (Version 1.5)
Batch of 2 Total time: 219ms (Avg. Per Call: 110ms)
Batch of 1 Total time: 116ms (Avg. Per Call: 116ms)
Batch of 1 Total time: 230ms (Avg. Per Call: 230ms)
Batch of 2 Total time: 110ms (Avg. Per Call: 55ms)
getSourceText: unexpected node type 'import_prefix'
getSourceText: unexpected node type 'import_prefix'
getSourceText: unexpected node type 'import_prefix'
Batch of 1 Total time: 112ms (Avg. Per Call: 112ms)
getSourceText: unexpected node type 'import_prefix'
getSourceText: unexpected node type 'import_prefix'
getSourceText: unexpected node type 'import_prefix'
getSourceText: unexpected node type 'import_prefix'
getSourceText: unexpected node type 'import_prefix'
getSourceText: unexpected node type 'import_prefix'
getSourceText: unexpected node type 'import_prefix'
getSourceText: unexpected node type 'import_prefix'
getSourceText: unexpected node type 'import_prefix'
getSourceText: unexpected node type 'import_prefix'
getSourceText: unexpected node type 'import_prefix'
getSourceText: unexpected node type 'import_prefix'
getSourceText: unexpected node type 'import_prefix'
getSourceText: unexpected node type 'import_prefix'
getSourceText: unexpected node type 'import_prefix'
Batch of 1 Total time: 282ms (Avg. Per Call: 282ms)
getSourceText: unexpected node type 'import_prefix'
Batch of 1 Total time: 106ms (Avg. Per Call: 106ms)
getSourceText: unexpected node type 'import_prefix'
getSourceText: unexpected node type 'import_prefix'
getSourceText: unexpected node type 'import_prefix'
getSourceText: unexpected node type 'import_prefix'
getSourceText: unexpected node type 'import_prefix'
getSourceText: unexpected node type 'import_prefix'
getSourceText: unexpected node type 'import_prefix'
getSourceText: unexpected node type 'import_prefix'
getSourceText: unexpected node type 'import_prefix'
getSourceText: unexpected node type 'import_prefix'
getSourceText: unexpected node type 'import_prefix'
getSourceText: unexpected node type 'import_prefix'
getSourceText: unexpected node type 'import_prefix'
getSourceText: unexpected node type 'import_prefix'
getSourceText: unexpected node type 'import_prefix'
getSourceText: unexpected node type 'import_prefix'
getSourceText: unexpected node type 'import_prefix'
getSourceText: unexpected node type 'import_prefix'
getSourceText: unexpected node type 'import_prefix'
Batch of 2 Total time: 108ms (Avg. Per Call: 54ms)
getSourceText: unexpected node type 'import_prefix'
getSourceText: unexpected node type 'import_prefix'
getSourceText: unexpected node type 'import_prefix'
getSourceText: unexpected node type 'import_prefix'
getSourceText: unexpected node type 'import_prefix'
getSourceText: unexpected node type 'import_prefix'
getSourceText: unexpected node type 'import_prefix'
getSourceText: unexpected node type 'import_prefix'
getSourceText: unexpected node type 'import_prefix'
getSourceText: unexpected node type 'import_prefix'
Batch of 2 Total time: 108ms (Avg. Per Call: 54ms)
getSourceText: unexpected node type 'import_prefix'
getSourceText: unexpected node type 'import_prefix'
getSourceText: unexpected node type 'import_prefix'
getSourceText: unexpected node type 'import_prefix'
Batch of 2 Total time: 129ms (Avg. Per Call: 65ms)
getSourceText: unexpected node type 'import_prefix'
getSourceText: unexpected node type 'import_prefix'
getSourceText: unexpected node type 'import_prefix'
getSourceText: unexpected node type 'import_prefix'
getSourceText: unexpected node type 'import_prefix'
getSourceText: unexpected node type 'import_prefix'
Batch of 1 Total time: 107ms (Avg. Per Call: 107ms)
getSourceText: unexpected node type 'import_prefix'
getSourceText: unexpected node type 'import_prefix'
getSourceText: unexpected node type 'import_prefix'
getSourceText: unexpected node type 'import_prefix'
Batch of 1 Total time: 116ms (Avg. Per Call: 116ms)
getSourceText: unexpected node type 'import_prefix'
getSourceText: unexpected node type 'import_prefix'
getSourceText: unexpected node type 'import_prefix'
getSourceText: unexpected node type 'import_prefix'
getSourceText: unexpected node type 'import_prefix'
getSourceText: unexpected node type 'import_prefix'
getSourceText: unexpected node type 'import_prefix'
getSourceText: unexpected node type 'import_prefix'
getSourceText: unexpected node type 'import_prefix'
getSourceText: unexpected node type 'import_prefix'
getSourceText: unexpected node type 'import_prefix'
getSourceText: unexpected node type 'import_prefix'
getSourceText: unexpected node type 'import_prefix'
getSourceText: unexpected node type 'import_prefix'
getSourceText: unexpected node type 'import_prefix'
getSourceText: unexpected node type 'import_prefix'
getSourceText: unexpected node type 'import_prefix'
getSourceText: unexpected node type 'import_prefix'
getSourceText: unexpected node type 'import_prefix'
getSourceText: unexpected node type 'import_prefix'
getSourceText: unexpected node type 'import_prefix'
getSourceText: unexpected node type 'import_prefix'
getSourceText: unexpected node type 'import_prefix'
getSourceText: unexpected node type 'import_prefix'
getSourceText: unexpected node type 'import_prefix'
getSourceText: unexpected node type 'import_prefix'
getSourceText: unexpected node type 'import_prefix'
getSourceText: unexpected node type 'import_prefix'
getSourceText: unexpected node type 'import_prefix'
getSourceText: unexpected node type 'import_prefix'
getSourceText: unexpected node type 'import_prefix'
getSourceText: unexpected node type 'import_prefix'
getSourceText: unexpected node type 'import_prefix'
Batch of 1 Total time: 114ms (Avg. Per Call: 114ms)
getSourceText: unexpected node type 'import_prefix'
getSourceText: unexpected node type 'import_prefix'
getSourceText: unexpected node type 'import_prefix'
getSourceText: unexpected node type 'import_prefix'
getSourceText: unexpected node type 'import_prefix'
getSourceText: unexpected node type 'import_prefix'
getSourceText: unexpected node type 'import_prefix'
getSourceText: unexpected node type 'import_prefix'
getSourceText: unexpected node type 'import_prefix'
getSourceText: unexpected node type 'import_prefix'
getSourceText: unexpected node type 'import_prefix'
getSourceText: unexpected node type 'import_prefix'
getSourceText: unexpected node type 'import_prefix'
getSourceText: unexpected node type 'import_prefix'
getSourceText: unexpected node type 'import_prefix'
getSourceText: unexpected node type 'import_prefix'
getSourceText: unexpected node type 'import_prefix'
getSourceText: unexpected node type 'import_prefix'
getSourceText: unexpected node type 'import_prefix'
getSourceText: unexpected node type 'import_prefix'
getSourceText: unexpected node type 'import_prefix'
getSourceText: unexpected node type 'import_prefix'
getSourceText: unexpected node type 'import_prefix'
getSourceText: unexpected node type 'import_prefix'
getSourceText: unexpected node type 'import_prefix'
getSourceText: unexpected node type 'import_prefix'
getSourceText: unexpected node type 'import_prefix'
getSourceText: unexpected node type 'import_prefix'
getSourceText: unexpected node type 'import_prefix'
getSourceText: unexpected node type 'import_prefix'
Batch of 1 Total time: 114ms (Avg. Per Call: 114ms)
getSourceText: unexpected node type 'import_prefix'
getSourceText: unexpected node type 'import_prefix'
getSourceText: unexpected node type 'import_prefix'
getSourceText: unexpected node type 'import_prefix'
getSourceText: unexpected node type 'import_prefix'
