Name: isort
Module: isort
Python extension loading
Waiting for interpreter from python extension.
Python extension loaded
CWD Server: /root/backend
sys.path used to run Server:
   /root/.vscode-server/extensions/ms-python.isort-2022.8.0/bundled/libs
   /root/.vscode-server/extensions/ms-python.isort-2022.8.0/bundled/tool
   /usr/local/lib/python311.zip
   /usr/local/lib/python3.11
   /usr/local/lib/python3.11/lib-dynload
   /usr/local/lib/python3.11/site-packages
Settings used to run Server:
[
    {
        "check": false,
        "workspace": "file:///root/backend",
        "logLevel": "error",
        "args": [],
        "severity": {
            "W": "Warning",
            "E": "Hint"
        },
        "path": [],
        "interpreter": [
            "/usr/local/bin/python"
        ],
        "importStrategy": "useBundled",
        "showNotifications": "off"
    }
]

/usr/local/bin/python -m isort --version-number
CWD Linter: /root/backend
Version info for isort running for /root/backend:
5.10.1

SUPPORTED isort>=5.10.1
FOUND isort==5.10.1

