2023-02-21 23:24:39.692 [info] Log level: Info
2023-02-21 23:24:39.692 [info] Validating found git in: "git"
2023-02-21 23:24:39.692 [info] Using git "" from "git"
2023-02-21 23:24:39.692 [info] > git rev-parse --show-toplevel [55ms]
2023-02-21 23:24:39.692 [info] fatal: not a git repository (or any of the parent directories): .git
2023-02-21 23:24:39.692 [info] > git rev-parse --show-toplevel [8ms]
2023-02-21 23:24:39.692 [info] fatal: not a git repository (or any of the parent directories): .git
2023-02-21 23:24:39.692 [info] > git rev-parse --show-toplevel [19ms]
2023-02-21 23:24:39.692 [info] fatal: not a git repository (or any of the parent directories): .git
2023-02-21 23:24:39.694 [info] > git rev-parse --show-toplevel [3ms]
2023-02-21 23:24:39.694 [info] fatal: not a git repository (or any of the parent directories): .git
2023-02-21 23:24:39.704 [info] > git rev-parse --show-toplevel [7ms]
2023-02-21 23:24:39.704 [info] fatal: not a git repository (or any of the parent directories): .git
2023-02-21 23:24:39.709 [info] > git rev-parse --show-toplevel [1ms]
2023-02-21 23:24:39.709 [info] fatal: not a git repository (or any of the parent directories): .git
2023-02-21 23:24:39.739 [info] > git rev-parse --show-toplevel [4ms]
2023-02-21 23:24:39.740 [info] fatal: not a git repository (or any of the parent directories): .git
2023-02-21 23:24:39.842 [info] > git rev-parse --show-toplevel [4ms]
2023-02-21 23:24:39.842 [info] fatal: not a git repository (or any of the parent directories): .git
2023-02-21 23:24:39.955 [info] > git rev-parse --show-toplevel [6ms]
2023-02-21 23:24:39.955 [info] fatal: not a git repository (or any of the parent directories): .git
2023-02-21 23:24:40.261 [info] > git rev-parse --show-toplevel [2ms]
2023-02-21 23:24:40.261 [info] fatal: not a git repository (or any of the parent directories): .git
2023-02-21 23:24:40.366 [info] > git rev-parse --show-toplevel [5ms]
2023-02-21 23:24:40.366 [info] fatal: not a git repository (or any of the parent directories): .git
2023-02-21 23:24:40.720 [info] > git rev-parse --show-toplevel [3ms]
2023-02-21 23:24:40.720 [info] fatal: not a git repository (or any of the parent directories): .git
2023-02-21 23:24:41.096 [info] > git rev-parse --show-toplevel [1ms]
2023-02-21 23:24:41.096 [info] fatal: not a git repository (or any of the parent directories): .git
2023-02-21 23:24:41.410 [info] > git rev-parse --show-toplevel [1ms]
2023-02-21 23:24:41.410 [info] fatal: not a git repository (or any of the parent directories): .git
2023-02-21 23:24:41.461 [info] > git rev-parse --show-toplevel [6ms]
2023-02-21 23:24:41.461 [info] fatal: not a git repository (or any of the parent directories): .git
2023-02-21 23:24:41.938 [info] > git rev-parse --show-toplevel [17ms]
2023-02-21 23:24:41.939 [info] fatal: not a git repository (or any of the parent directories): .git
2023-02-21 23:24:45.451 [info] > git rev-parse --show-toplevel [23ms]
2023-02-21 23:24:45.451 [info] fatal: not a git repository (or any of the parent directories): .git
2023-02-21 23:24:47.316 [info] > git rev-parse --show-toplevel [26ms]
2023-02-21 23:24:47.316 [info] fatal: not a git repository (or any of the parent directories): .git
2023-02-21 23:24:47.323 [info] > git rev-parse --show-toplevel [3ms]
2023-02-21 23:24:47.323 [info] fatal: not a git repository (or any of the parent directories): .git
2023-02-21 23:24:47.427 [info] > git rev-parse --show-toplevel [5ms]
2023-02-21 23:24:47.427 [info] fatal: not a git repository (or any of the parent directories): .git
