2023-02-22 22:38:34.916 [info] Extension host with pid 17373 started
2023-02-22 22:38:34.929 [info] Lock '/root/.vscode-server/data/User/workspaceStorage/8ba16e5acc6736146e52c3beec61cf1d/vscode.lock': Lock acquired.
2023-02-22 22:38:34.993 [info] ExtensionService#_doActivateExtension vscode.emmet, startup: false, activationEvent: 'onLanguage'
2023-02-22 22:38:34.994 [info] ExtensionService#_doActivateExtension batisteo.vscode-django, startup: false, activationEvent: 'onLanguage:python'
2023-02-22 22:38:34.994 [info] ExtensionService#_doActivateExtension ms-python.python, startup: false, activationEvent: 'onLanguage:python', root cause: ms-python.isort
2023-02-22 22:38:34.994 [info] ExtensionService#_doActivateExtension ms-toolsai.jupyter, startup: false, activationEvent: 'onLanguage:python'
2023-02-22 22:38:34.994 [info] ExtensionService#_doActivateExtension njpwerner.autodocstring, startup: false, activationEvent: 'onLanguage:python'
2023-02-22 22:38:34.994 [info] ExtensionService#_doActivateExtension VisualStudioExptTeam.intellicode-api-usage-examples, startup: false, activationEvent: 'onLanguage:python'
2023-02-22 22:38:34.995 [info] ExtensionService#_doActivateExtension VisualStudioExptTeam.vscodeintellicode, startup: false, activationEvent: 'onLanguage:python'
2023-02-22 22:38:34.995 [info] ExtensionService#_doActivateExtension vscode.git-base, startup: true, activationEvent: '*', root cause: vscode.git
2023-02-22 22:38:34.995 [info] ExtensionService#_doActivateExtension mhutchie.git-graph, startup: true, activationEvent: '*'
2023-02-22 22:38:34.995 [info] ExtensionService#_doActivateExtension naumovs.color-highlight, startup: true, activationEvent: '*'
2023-02-22 22:38:36.107 [info] ExtensionService#_doActivateExtension ms-toolsai.jupyter-renderers, startup: false, activationEvent: 'api', root cause: ms-toolsai.jupyter
2023-02-22 22:38:36.154 [info] ExtensionService#_doActivateExtension vscode.git, startup: true, activationEvent: '*'
2023-02-22 22:38:36.154 [info] ExtensionService#_doActivateExtension vscode.github, startup: true, activationEvent: '*'
2023-02-22 22:38:36.598 [info] ExtensionService#_doActivateExtension ms-python.isort, startup: false, activationEvent: 'onLanguage:python'
2023-02-22 22:38:36.598 [info] ExtensionService#_doActivateExtension ms-python.vscode-pylance, startup: false, activationEvent: 'onLanguage:python'
2023-02-22 22:38:36.828 [info] ExtensionService#_doActivateExtension formulahendry.code-runner, startup: false, activationEvent: 'onLanguage:code-runner-output'
2023-02-22 22:38:36.946 [info] ExtensionService#_doActivateExtension vscode.debug-auto-launch, startup: false, activationEvent: 'onStartupFinished'
2023-02-22 22:38:36.947 [info] ExtensionService#_doActivateExtension vscode.merge-conflict, startup: false, activationEvent: 'onStartupFinished'
2023-02-22 22:38:36.947 [info] ExtensionService#_doActivateExtension vscode.npm, startup: false, activationEvent: 'onStartupFinished', root cause: esbenp.prettier-vscode
2023-02-22 22:38:36.947 [info] Eager extensions activated
2023-02-22 22:38:37.349 [info] ExtensionService#_doActivateExtension esbenp.prettier-vscode, startup: false, activationEvent: 'onStartupFinished'
