["INFO" - 4:49:55 AM] Extension Name: esbenp.prettier-vscode.
["INFO" - 4:49:55 AM] Extension Version: 9.10.4.
["INFO" - 10:35:49 PM] Formatting vscode-userdata:/c%3A/Users/mbae0/AppData/Roaming/Code/User/settings.json
["INFO" - 10:35:49 PM] File Info:
{
  "ignored": false,
  "inferredParser": "json"
}
["INFO" - 10:35:49 PM] No local configuration (i.e. .prettierrc or .editorconfig) detected, falling back to VS Code configuration
["INFO" - 10:35:49 PM] Prettier Options:
{
  "arrowParens": "always",
  "bracketSpacing": true,
  "endOfLine": "lf",
  "htmlWhitespaceSensitivity": "css",
  "insertPragma": false,
  "singleAttributePerLine": false,
  "bracketSameLine": false,
  "jsxBracketSameLine": false,
  "jsxSingleQuote": false,
  "printWidth": 160,
  "proseWrap": "preserve",
  "quoteProps": "as-needed",
  "requirePragma": false,
  "semi": true,
  "singleQuote": false,
  "tabWidth": 2,
  "trailingComma": "es5",
  "useTabs": false,
  "vueIndentScriptAndStyle": false,
  "filepath": "c:/Users/mbae0/AppData/Roaming/Code/User/settings.json",
  "parser": "json"
}
["INFO" - 10:35:49 PM] Formatting completed in 338ms.
["INFO" - 10:36:36 PM] Formatting vscode-userdata:/c%3A/Users/mbae0/AppData/Roaming/Code/User/settings.json
["INFO" - 10:36:36 PM] File Info:
{
  "ignored": false,
  "inferredParser": "json"
}
["INFO" - 10:36:36 PM] No local configuration (i.e. .prettierrc or .editorconfig) detected, falling back to VS Code configuration
["INFO" - 10:36:36 PM] Prettier Options:
{
  "arrowParens": "always",
  "bracketSpacing": true,
  "endOfLine": "lf",
  "htmlWhitespaceSensitivity": "css",
  "insertPragma": false,
  "singleAttributePerLine": false,
  "bracketSameLine": false,
  "jsxBracketSameLine": false,
  "jsxSingleQuote": false,
  "printWidth": 160,
  "proseWrap": "preserve",
  "quoteProps": "as-needed",
  "requirePragma": false,
  "semi": true,
  "singleQuote": false,
  "tabWidth": 2,
  "trailingComma": "es5",
  "useTabs": false,
  "vueIndentScriptAndStyle": false,
  "filepath": "c:/Users/mbae0/AppData/Roaming/Code/User/settings.json",
  "parser": "json"
}
["INFO" - 10:36:36 PM] Formatting completed in 21ms.
["INFO" - 10:36:59 PM] Formatting vscode-userdata:/c%3A/Users/mbae0/AppData/Roaming/Code/User/settings.json
["INFO" - 10:36:59 PM] File Info:
{
  "ignored": false,
  "inferredParser": "json"
}
["INFO" - 10:36:59 PM] No local configuration (i.e. .prettierrc or .editorconfig) detected, falling back to VS Code configuration
["INFO" - 10:36:59 PM] Prettier Options:
{
  "arrowParens": "always",
  "bracketSpacing": true,
  "endOfLine": "lf",
  "htmlWhitespaceSensitivity": "css",
  "insertPragma": false,
  "singleAttributePerLine": false,
  "bracketSameLine": false,
  "jsxBracketSameLine": false,
  "jsxSingleQuote": false,
  "printWidth": 160,
  "proseWrap": "preserve",
  "quoteProps": "as-needed",
  "requirePragma": false,
  "semi": true,
  "singleQuote": false,
  "tabWidth": 2,
  "trailingComma": "es5",
  "useTabs": false,
  "vueIndentScriptAndStyle": false,
  "filepath": "c:/Users/mbae0/AppData/Roaming/Code/User/settings.json",
  "parser": "json"
}
["INFO" - 10:36:59 PM] Formatting completed in 22ms.
