[Info  - 4:49:55 AM] (412) Pylance language server 2023.2.30 (pyright dec6aa20) starting
[Info  - 4:49:55 AM] (412) Server root directory: /root/.vscode-server/extensions/ms-python.vscode-pylance-2023.2.30/dist
[Info  - 4:49:55 AM] (412) Starting service instance "backend"
[Info  - 4:49:55 AM] (412) Auto-indent enabled
[Info  - 4:49:55 AM] (412) Starting service instance "<default>"
[Info  - 4:49:55 AM] (412) No pyproject.toml file found.
[Info  - 4:49:55 AM] (412) Setting pythonPath for service "<default>": "/usr/local/bin/python"
[Warn  - 4:49:55 AM] (412) stubPath typings is not a valid directory.
[Info  - 4:49:55 AM] (412) Assuming Python version 3.11
[Info  - 4:49:55 AM] (412) Assuming Python platform Linux
[Info  - 4:49:55 AM] (412) Searching for source files
[Info  - 4:49:55 AM] (412) No source files found.
[Info  - 4:49:55 AM] (412) No configuration file found.
[Info  - 4:49:55 AM] (412) No pyproject.toml file found.
[Info  - 4:49:55 AM] (412) Setting pythonPath for service "backend": "/usr/local/bin/python"
[Warn  - 4:49:55 AM] (412) stubPath /root/backend/typings is not a valid directory.
[Info  - 4:49:55 AM] (412) Assuming Python version 3.11
[Info  - 4:49:55 AM] (412) Assuming Python platform Linux
[Info  - 4:49:55 AM] (412) Searching for source files
[Info  - 4:49:55 AM] (412) Found 17 source files
[Info  - 4:49:55 AM] (412) No pyproject.toml file found.
[Info  - 4:49:55 AM] (412) Setting pythonPath for service "<default>": "/usr/local/bin/python"
[Warn  - 4:49:55 AM] (412) stubPath typings is not a valid directory.
[Info  - 4:49:55 AM] (412) Assuming Python version 3.11
[Info  - 4:49:55 AM] (412) Assuming Python platform Linux
[Info  - 4:49:55 AM] (412) Searching for source files
[Info  - 4:49:55 AM] (412) No source files found.
[Info  - 4:49:56 AM] (412) Background analysis(1) root directory: /root/.vscode-server/extensions/ms-python.vscode-pylance-2023.2.30/dist
[Info  - 4:49:56 AM] (412) Background analysis(1) started
[Info  - 4:49:56 AM] (412) Background analysis(2) root directory: /root/.vscode-server/extensions/ms-python.vscode-pylance-2023.2.30/dist
[Info  - 4:49:56 AM] (412) Background analysis(2) started
[Info  - 4:49:56 AM] (412) Indexer background runner(3) root directory: /root/.vscode-server/extensions/ms-python.vscode-pylance-2023.2.30/dist (index)
[Info  - 4:49:56 AM] (412) Indexing(3) started
[Info  - 4:49:56 AM] (412) scanned(3) 42 files over 1 exec env
[Info  - 4:49:57 AM] (412) indexed(3) 28 files over 1 exec env
[Info  - 4:49:57 AM] (412) Indexing finished(3).
Got invalid dimensions for input: input_batch:0 for the following indices
 index: 1 Got: 102 Expected: 100
 Please fix either the inputs or the model.
[Error - 6:11:40 AM] (412) IntelliCode exception: Error: failed to call OrtRun(). error code = 2.
    at Object.e.run (/root/.vscode-server/extensions/ms-python.vscode-pylance-2023.2.30/dist/vendor.bundle.js:2:56662)
    at Object.e.run (/root/.vscode-server/extensions/ms-python.vscode-pylance-2023.2.30/dist/vendor.bundle.js:2:46736)
    at e.OnnxruntimeWebAssemblySessionHandler.run (/root/.vscode-server/extensions/ms-python.vscode-pylance-2023.2.30/dist/vendor.bundle.js:2:49247)
    at u.run (/root/.vscode-server/extensions/ms-python.vscode-pylance-2023.2.30/dist/vendor.bundle.js:2:22506)
    at _0x447fd8.<computed>.getRecommendations (/root/.vscode-server/extensions/ms-python.vscode-pylance-2023.2.30/dist/server.bundle.js:1:173713)
    at _0x3f97a8.updateCompletionResults (/root/.vscode-server/extensions/ms-python.vscode-pylance-2023.2.30/dist/server.bundle.js:1:185151)
    at async Promise.all (index 1)
    at V.getCompletionsForPosition (/root/.vscode-server/extensions/ms-python.vscode-pylance-2023.2.30/dist/pyright.bundle.js:1:362414)
    at /root/.vscode-server/extensions/ms-python.vscode-pylance-2023.2.30/dist/server.bundle.js:1:475890
    at _0x5a1e41.getWorkspaceCompletionsForPosition (/root/.vscode-server/extensions/ms-python.vscode-pylance-2023.2.30/dist/server.bundle.js:1:475674)
    at _0x5a1e41.onCompletion (/root/.vscode-server/extensions/ms-python.vscode-pylance-2023.2.30/dist/pyright.bundle.js:1:1051944)
    at _0x5a1e41._onCompletion (/root/.vscode-server/extensions/ms-python.vscode-pylance-2023.2.30/dist/server.bundle.js:1:480586)
Got invalid dimensions for input: input_batch:0 for the following indices
 index: 1 Got: 102 Expected: 100
 Please fix either the inputs or the model.
[Error - 6:11:40 AM] (412) IntelliCode exception: Error: failed to call OrtRun(). error code = 2.
    at Object.e.run (/root/.vscode-server/extensions/ms-python.vscode-pylance-2023.2.30/dist/vendor.bundle.js:2:56662)
    at Object.e.run (/root/.vscode-server/extensions/ms-python.vscode-pylance-2023.2.30/dist/vendor.bundle.js:2:46736)
    at e.OnnxruntimeWebAssemblySessionHandler.run (/root/.vscode-server/extensions/ms-python.vscode-pylance-2023.2.30/dist/vendor.bundle.js:2:49247)
    at u.run (/root/.vscode-server/extensions/ms-python.vscode-pylance-2023.2.30/dist/vendor.bundle.js:2:22506)
    at _0x447fd8.<computed>.getRecommendations (/root/.vscode-server/extensions/ms-python.vscode-pylance-2023.2.30/dist/server.bundle.js:1:173713)
    at _0x3f97a8.updateCompletionResults (/root/.vscode-server/extensions/ms-python.vscode-pylance-2023.2.30/dist/server.bundle.js:1:185151)
    at async Promise.all (index 1)
    at V.getCompletionsForPosition (/root/.vscode-server/extensions/ms-python.vscode-pylance-2023.2.30/dist/pyright.bundle.js:1:362414)
    at /root/.vscode-server/extensions/ms-python.vscode-pylance-2023.2.30/dist/server.bundle.js:1:475890
    at _0x5a1e41.getWorkspaceCompletionsForPosition (/root/.vscode-server/extensions/ms-python.vscode-pylance-2023.2.30/dist/server.bundle.js:1:475674)
    at _0x5a1e41.onCompletion (/root/.vscode-server/extensions/ms-python.vscode-pylance-2023.2.30/dist/pyright.bundle.js:1:1051944)
    at _0x5a1e41._onCompletion (/root/.vscode-server/extensions/ms-python.vscode-pylance-2023.2.30/dist/server.bundle.js:1:480586)
Got invalid dimensions for input: input_batch:0 for the following indices
 index: 1 Got: 102 Expected: 100
 Please fix either the inputs or the model.
[Error - 6:11:40 AM] (412) IntelliCode exception: Error: failed to call OrtRun(). error code = 2.
    at Object.e.run (/root/.vscode-server/extensions/ms-python.vscode-pylance-2023.2.30/dist/vendor.bundle.js:2:56662)
    at Object.e.run (/root/.vscode-server/extensions/ms-python.vscode-pylance-2023.2.30/dist/vendor.bundle.js:2:46736)
    at e.OnnxruntimeWebAssemblySessionHandler.run (/root/.vscode-server/extensions/ms-python.vscode-pylance-2023.2.30/dist/vendor.bundle.js:2:49247)
    at u.run (/root/.vscode-server/extensions/ms-python.vscode-pylance-2023.2.30/dist/vendor.bundle.js:2:22506)
    at _0x447fd8.<computed>.getRecommendations (/root/.vscode-server/extensions/ms-python.vscode-pylance-2023.2.30/dist/server.bundle.js:1:173713)
    at _0x3f97a8.updateCompletionResults (/root/.vscode-server/extensions/ms-python.vscode-pylance-2023.2.30/dist/server.bundle.js:1:185151)
    at async Promise.all (index 1)
    at V.getCompletionsForPosition (/root/.vscode-server/extensions/ms-python.vscode-pylance-2023.2.30/dist/pyright.bundle.js:1:362414)
    at /root/.vscode-server/extensions/ms-python.vscode-pylance-2023.2.30/dist/server.bundle.js:1:475890
    at _0x5a1e41.getWorkspaceCompletionsForPosition (/root/.vscode-server/extensions/ms-python.vscode-pylance-2023.2.30/dist/server.bundle.js:1:475674)
    at _0x5a1e41.onCompletion (/root/.vscode-server/extensions/ms-python.vscode-pylance-2023.2.30/dist/pyright.bundle.js:1:1051944)
    at _0x5a1e41._onCompletion (/root/.vscode-server/extensions/ms-python.vscode-pylance-2023.2.30/dist/server.bundle.js:1:480586)
Got invalid dimensions for input: input_batch:0 for the following indices
 index: 1 Got: 102 Expected: 100
 Please fix either the inputs or the model.
[Error - 6:11:40 AM] (412) IntelliCode exception: Error: failed to call OrtRun(). error code = 2.
    at Object.e.run (/root/.vscode-server/extensions/ms-python.vscode-pylance-2023.2.30/dist/vendor.bundle.js:2:56662)
    at Object.e.run (/root/.vscode-server/extensions/ms-python.vscode-pylance-2023.2.30/dist/vendor.bundle.js:2:46736)
    at e.OnnxruntimeWebAssemblySessionHandler.run (/root/.vscode-server/extensions/ms-python.vscode-pylance-2023.2.30/dist/vendor.bundle.js:2:49247)
    at u.run (/root/.vscode-server/extensions/ms-python.vscode-pylance-2023.2.30/dist/vendor.bundle.js:2:22506)
    at _0x447fd8.<computed>.getRecommendations (/root/.vscode-server/extensions/ms-python.vscode-pylance-2023.2.30/dist/server.bundle.js:1:173713)
    at _0x3f97a8.updateCompletionResults (/root/.vscode-server/extensions/ms-python.vscode-pylance-2023.2.30/dist/server.bundle.js:1:185151)
    at async Promise.all (index 1)
    at V.getCompletionsForPosition (/root/.vscode-server/extensions/ms-python.vscode-pylance-2023.2.30/dist/pyright.bundle.js:1:362414)
    at /root/.vscode-server/extensions/ms-python.vscode-pylance-2023.2.30/dist/server.bundle.js:1:475890
    at _0x5a1e41.getWorkspaceCompletionsForPosition (/root/.vscode-server/extensions/ms-python.vscode-pylance-2023.2.30/dist/server.bundle.js:1:475674)
    at _0x5a1e41.onCompletion (/root/.vscode-server/extensions/ms-python.vscode-pylance-2023.2.30/dist/pyright.bundle.js:1:1051944)
    at _0x5a1e41._onCompletion (/root/.vscode-server/extensions/ms-python.vscode-pylance-2023.2.30/dist/server.bundle.js:1:480586)
[Info  - 7:45:39 AM] (412) Searching for source files
[Info  - 7:45:39 AM] (412) Found 24 source files
[Info  - 7:46:16 AM] (412) Searching for source files
[Info  - 7:46:16 AM] (412) Found 25 source files
[Info  - 7:46:42 AM] (412) Searching for source files
[Info  - 7:46:42 AM] (412) Found 26 source files
[Info  - 5:20:08 PM] (412) Searching for source files
[Info  - 5:20:08 PM] (412) Found 27 source files
[Info  - 5:21:44 PM] (412) Searching for source files
[Info  - 5:21:44 PM] (412) Found 28 source files
[Info  - 5:23:42 PM] (412) Searching for source files
[Info  - 5:23:42 PM] (412) Found 29 source files
[Info  - 5:26:42 PM] (412) Searching for source files
[Info  - 5:26:42 PM] (412) Found 30 source files
[Info  - 5:27:55 PM] (412) Searching for source files
[Info  - 5:27:55 PM] (412) Found 31 source files
[Info  - 5:28:57 PM] (412) Searching for source files
[Info  - 5:28:57 PM] (412) Found 26 source files
[Info  - 5:29:00 PM] (412) Searching for source files
[Info  - 5:29:00 PM] (412) Found 27 source files
[Info  - 5:29:05 PM] (412) Searching for source files
[Info  - 5:29:05 PM] (412) Found 26 source files
[Info  - 5:29:29 PM] (412) Searching for source files
[Info  - 5:29:29 PM] (412) Found 27 source files
[Info  - 5:29:59 PM] (412) Searching for source files
[Info  - 5:29:59 PM] (412) Found 26 source files
[Info  - 5:30:04 PM] (412) Searching for source files
[Info  - 5:30:04 PM] (412) Found 27 source files
[Info  - 5:33:25 PM] (412) Searching for source files
[Info  - 5:33:25 PM] (412) Found 28 source files
[Info  - 5:34:29 PM] (412) Searching for source files
[Info  - 5:34:29 PM] (412) Found 35 source files
[Info  - 5:34:42 PM] (412) Searching for source files
[Info  - 5:34:42 PM] (412) Found 33 source files
[Info  - 5:34:45 PM] (412) Searching for source files
[Info  - 5:34:45 PM] (412) Found 34 source files
[Info  - 5:37:53 PM] (412) Searching for source files
[Info  - 5:37:53 PM] (412) Found 33 source files
[Info  - 5:37:54 PM] (412) Searching for source files
[Info  - 5:37:54 PM] (412) Found 34 source files
[Info  - 5:43:04 PM] (412) Searching for source files
[Info  - 5:43:04 PM] (412) Found 35 source files
[Info  - 5:43:14 PM] (412) Searching for source files
[Info  - 5:43:14 PM] (412) Found 33 source files
[Info  - 5:43:16 PM] (412) Searching for source files
[Info  - 5:43:16 PM] (412) Found 34 source files
