Logger Init
Initialization complete.
Loaded supported calls (Version 1.5)
getSourceText: unexpected node type 'import_prefix'
Batch of 1 Total time: 94ms (Avg. Per Call: 94ms)
Batch of 1 Total time: 109ms (Avg. Per Call: 109ms)
Batch of 2 Total time: 126ms (Avg. Per Call: 63ms)
getSourceText: unexpected node type 'import_prefix'
getSourceText: unexpected node type 'import_prefix'
Batch of 8 Total time: 207ms (Avg. Per Call: 26ms)
getSourceText: unexpected node type 'import_prefix'
getSourceText: unexpected node type 'import_prefix'
getSourceText: unexpected node type 'import_prefix'
getSourceText: unexpected node type 'import_prefix'
Batch of 1 Total time: 126ms (Avg. Per Call: 126ms)
getSourceText: unexpected node type 'import_prefix'
getSourceText: unexpected node type 'import_prefix'
Batch of 3 Total time: 143ms (Avg. Per Call: 48ms)
getSourceText: unexpected node type 'import_prefix'
getSourceText: unexpected node type 'import_prefix'
getSourceText: unexpected node type 'import_prefix'
getSourceText: unexpected node type 'import_prefix'
getSourceText: unexpected node type 'import_prefix'
getSourceText: unexpected node type 'import_prefix'
getSourceText: unexpected node type 'import_prefix'
getSourceText: unexpected node type 'import_prefix'
getSourceText: unexpected node type 'import_prefix'
getSourceText: unexpected node type 'import_prefix'
getSourceText: unexpected node type 'import_prefix'
getSourceText: unexpected node type 'import_prefix'
getSourceText: unexpected node type 'import_prefix'
getSourceText: unexpected node type 'import_prefix'
getSourceText: unexpected node type 'import_prefix'
getSourceText: unexpected node type 'import_prefix'
getSourceText: unexpected node type 'import_prefix'
getSourceText: unexpected node type 'import_prefix'
getSourceText: unexpected node type 'import_prefix'
getSourceText: unexpected node type 'import_prefix'
Batch of 1 Total time: 267ms (Avg. Per Call: 267ms)
getSourceText: unexpected node type 'import_prefix'
getSourceText: unexpected node type 'import_prefix'
getSourceText: unexpected node type 'import_prefix'
getSourceText: unexpected node type 'import_prefix'
getSourceText: unexpected node type 'import_prefix'
getSourceText: unexpected node type 'import_prefix'
getSourceText: unexpected node type 'import_prefix'
getSourceText: unexpected node type 'import_prefix'
getSourceText: unexpected node type 'import_prefix'
getSourceText: unexpected node type 'import_prefix'
getSourceText: unexpected node type 'import_prefix'
getSourceText: unexpected node type 'import_prefix'
getSourceText: unexpected node type 'import_prefix'
Batch of 3 Total time: 953ms (Avg. Per Call: 318ms)
getSourceText: unexpected node type 'import_prefix'
getSourceText: unexpected node type 'import_prefix'
getSourceText: unexpected node type 'import_prefix'
getSourceText: unexpected node type 'import_prefix'
getSourceText: unexpected node type 'import_prefix'
Batch of 1 Total time: 121ms (Avg. Per Call: 121ms)
getSourceText: unexpected node type 'import_prefix'
Batch of 1 Total time: 119ms (Avg. Per Call: 119ms)
Batch of 2 Total time: 139ms (Avg. Per Call: 70ms)
getSourceText: unexpected node type 'import_prefix'
getSourceText: unexpected node type 'import_prefix'
getSourceText: unexpected node type 'import_prefix'
getSourceText: unexpected node type 'import_prefix'
getSourceText: unexpected node type 'import_prefix'
getSourceText: unexpected node type 'import_prefix'
getSourceText: unexpected node type 'import_prefix'
getSourceText: unexpected node type 'import_prefix'
getSourceText: unexpected node type 'import_prefix'
getSourceText: unexpected node type 'import_prefix'
getSourceText: unexpected node type 'import_prefix'
getSourceText: unexpected node type 'import_prefix'
getSourceText: unexpected node type 'import_prefix'
getSourceText: unexpected node type 'import_prefix'
getSourceText: unexpected node type 'import_prefix'
getSourceText: unexpected node type 'import_prefix'
getSourceText: unexpected node type 'import_prefix'
getSourceText: unexpected node type 'import_prefix'
getSourceText: unexpected node type 'import_prefix'
getSourceText: unexpected node type 'import_prefix'
getSourceText: unexpected node type 'import_prefix'
getSourceText: unexpected node type 'import_prefix'
getSourceText: unexpected node type 'import_prefix'
getSourceText: unexpected node type 'import_prefix'
getSourceText: unexpected node type 'import_prefix'
getSourceText: unexpected node type 'import_prefix'
Batch of 2 Total time: 327ms (Avg. Per Call: 164ms)
getSourceText: unexpected node type 'import_prefix'
getSourceText: unexpected node type 'import_prefix'
getSourceText: unexpected node type 'import_prefix'
getSourceText: unexpected node type 'import_prefix'
getSourceText: unexpected node type 'import_prefix'
getSourceText: unexpected node type 'import_prefix'
getSourceText: unexpected node type 'import_prefix'
getSourceText: unexpected node type 'import_prefix'
getSourceText: unexpected node type 'import_prefix'
getSourceText: unexpected node type 'import_prefix'
getSourceText: unexpected node type 'import_prefix'
getSourceText: unexpected node type 'import_prefix'
getSourceText: unexpected node type 'import_prefix'
getSourceText: unexpected node type 'import_prefix'
getSourceText: unexpected node type 'import_prefix'
getSourceText: unexpected node type 'import_prefix'
getSourceText: unexpected node type 'import_prefix'
getSourceText: unexpected node type 'import_prefix'
getSourceText: unexpected node type 'import_prefix'
getSourceText: unexpected node type 'import_prefix'
getSourceText: unexpected node type 'import_prefix'
getSourceText: unexpected node type 'import_prefix'
getSourceText: unexpected node type 'import_prefix'
getSourceText: unexpected node type 'import_prefix'
getSourceText: unexpected node type 'import_prefix'
getSourceText: unexpected node type 'import_prefix'
getSourceText: unexpected node type 'import_prefix'
getSourceText: unexpected node type 'import_prefix'
getSourceText: unexpected node type 'import_prefix'
getSourceText: unexpected node type 'import_prefix'
getSourceText: unexpected node type 'import_prefix'
getSourceText: unexpected node type 'import_prefix'
getSourceText: unexpected node type 'import_prefix'
getSourceText: unexpected node type 'import_prefix'
Batch of 1 Total time: 112ms (Avg. Per Call: 112ms)
getSourceText: unexpected node type 'import_prefix'
getSourceText: unexpected node type 'import_prefix'
getSourceText: unexpected node type 'import_prefix'
getSourceText: unexpected node type 'import_prefix'
getSourceText: unexpected node type 'import_prefix'
getSourceText: unexpected node type 'import_prefix'
getSourceText: unexpected node type 'import_prefix'
getSourceText: unexpected node type 'import_prefix'
getSourceText: unexpected node type 'import_prefix'
getSourceText: unexpected node type 'import_prefix'
getSourceText: unexpected node type 'import_prefix'
getSourceText: unexpected node type 'import_prefix'
getSourceText: unexpected node type 'import_prefix'
getSourceText: unexpected node type 'import_prefix'
getSourceText: unexpected node type 'import_prefix'
getSourceText: unexpected node type 'import_prefix'
getSourceText: unexpected node type 'import_prefix'
getSourceText: unexpected node type 'import_prefix'
getSourceText: unexpected node type 'import_prefix'
getSourceText: unexpected node type 'import_prefix'
getSourceText: unexpected node type 'import_prefix'
getSourceText: unexpected node type 'import_prefix'
getSourceText: unexpected node type 'import_prefix'
getSourceText: unexpected node type 'import_prefix'
getSourceText: unexpected node type 'import_prefix'
getSourceText: unexpected node type 'import_prefix'
getSourceText: unexpected node type 'import_prefix'
getSourceText: unexpected node type 'import_prefix'
getSourceText: unexpected node type 'import_prefix'
getSourceText: unexpected node type 'import_prefix'
getSourceText: unexpected node type 'import_prefix'
getSourceText: unexpected node type 'import_prefix'
getSourceText: unexpected node type 'import_prefix'
getSourceText: unexpected node type 'import_prefix'
getSourceText: unexpected node type 'import_prefix'
getSourceText: unexpected node type 'import_prefix'
getSourceText: unexpected node type 'import_prefix'
getSourceText: unexpected node type 'import_prefix'
getSourceText: unexpected node type 'import_prefix'
getSourceText: unexpected node type 'import_prefix'
getSourceText: unexpected node type 'import_prefix'
getSourceText: unexpected node type 'import_prefix'
getSourceText: unexpected node type 'import_prefix'
getSourceText: unexpected node type 'import_prefix'
getSourceText: unexpected node type 'import_prefix'
getSourceText: unexpected node type 'import_prefix'
getSourceText: unexpected node type 'import_prefix'
getSourceText: unexpected node type 'import_prefix'
getSourceText: unexpected node type 'import_prefix'
getSourceText: unexpected node type 'import_prefix'
getSourceText: unexpected node type 'import_prefix'
getSourceText: unexpected node type 'import_prefix'
getSourceText: unexpected node type 'import_prefix'
getSourceText: unexpected node type 'import_prefix'
getSourceText: unexpected node type 'import_prefix'
getSourceText: unexpected node type 'import_prefix'
getSourceText: unexpected node type 'import_prefix'
getSourceText: unexpected node type 'import_prefix'
getSourceText: unexpected node type 'import_prefix'
getSourceText: unexpected node type 'import_prefix'
getSourceText: unexpected node type 'import_prefix'
getSourceText: unexpected node type 'import_prefix'
getSourceText: unexpected node type 'import_prefix'
getSourceText: unexpected node type 'import_prefix'
getSourceText: unexpected node type 'import_prefix'
getSourceText: unexpected node type 'import_prefix'
getSourceText: unexpected node type 'import_prefix'
getSourceText: unexpected node type 'import_prefix'
getSourceText: unexpected node type 'import_prefix'
getSourceText: unexpected node type 'import_prefix'
getSourceText: unexpected node type 'import_prefix'
getSourceText: unexpected node type 'import_prefix'
getSourceText: unexpected node type 'import_prefix'
getSourceText: unexpected node type 'import_prefix'
getSourceText: unexpected node type 'import_prefix'
getSourceText: unexpected node type 'import_prefix'
getSourceText: unexpected node type 'import_prefix'
getSourceText: unexpected node type 'import_prefix'
getSourceText: unexpected node type 'import_prefix'
getSourceText: unexpected node type 'import_prefix'
getSourceText: unexpected node type 'import_prefix'
getSourceText: unexpected node type 'import_prefix'
getSourceText: unexpected node type 'import_prefix'
getSourceText: unexpected node type 'import_prefix'
Batch of 1 Total time: 269ms (Avg. Per Call: 269ms)
getSourceText: unexpected node type 'import_prefix'
getSourceText: unexpected node type 'import_prefix'
getSourceText: unexpected node type 'import_prefix'
getSourceText: unexpected node type 'import_prefix'
getSourceText: unexpected node type 'import_prefix'
getSourceText: unexpected node type 'import_prefix'
getSourceText: unexpected node type 'import_prefix'
getSourceText: unexpected node type 'import_prefix'
getSourceText: unexpected node type 'import_prefix'
getSourceText: unexpected node type 'import_prefix'
getSourceText: unexpected node type 'import_prefix'
getSourceText: unexpected node type 'import_prefix'
getSourceText: unexpected node type 'import_prefix'
getSourceText: unexpected node type 'import_prefix'
getSourceText: unexpected node type 'import_prefix'
getSourceText: unexpected node type 'import_prefix'
getSourceText: unexpected node type 'import_prefix'
getSourceText: unexpected node type 'import_prefix'
getSourceText: unexpected node type 'import_prefix'
getSourceText: unexpected node type 'import_prefix'
getSourceText: unexpected node type 'import_prefix'
getSourceText: unexpected node type 'import_prefix'
getSourceText: unexpected node type 'import_prefix'
getSourceText: unexpected node type 'import_prefix'
getSourceText: unexpected node type 'import_prefix'
getSourceText: unexpected node type 'import_prefix'
getSourceText: unexpected node type 'import_prefix'
getSourceText: unexpected node type 'import_prefix'
getSourceText: unexpected node type 'import_prefix'
getSourceText: unexpected node type 'import_prefix'
getSourceText: unexpected node type 'import_prefix'
getSourceText: unexpected node type 'import_prefix'
getSourceText: unexpected node type 'import_prefix'
getSourceText: unexpected node type 'import_prefix'
getSourceText: unexpected node type 'import_prefix'
getSourceText: unexpected node type 'import_prefix'
getSourceText: unexpected node type 'import_prefix'
getSourceText: unexpected node type 'import_prefix'
getSourceText: unexpected node type 'import_prefix'
getSourceText: unexpected node type 'import_prefix'
getSourceText: unexpected node type 'import_prefix'
getSourceText: unexpected node type 'import_prefix'
getSourceText: unexpected node type 'import_prefix'
getSourceText: unexpected node type 'import_prefix'
getSourceText: unexpected node type 'import_prefix'
getSourceText: unexpected node type 'import_prefix'
getSourceText: unexpected node type 'import_prefix'
getSourceText: unexpected node type 'import_prefix'
getSourceText: unexpected node type 'import_prefix'
getSourceText: unexpected node type 'import_prefix'
getSourceText: unexpected node type 'import_prefix'
getSourceText: unexpected node type 'import_prefix'
getSourceText: unexpected node type 'import_prefix'
getSourceText: unexpected node type 'import_prefix'
Batch of 2 Total time: 274ms (Avg. Per Call: 137ms)
getSourceText: unexpected node type 'import_prefix'
getSourceText: unexpected node type 'import_prefix'
getSourceText: unexpected node type 'import_prefix'
getSourceText: unexpected node type 'import_prefix'
getSourceText: unexpected node type 'import_prefix'
getSourceText: unexpected node type 'import_prefix'
getSourceText: unexpected node type 'import_prefix'
getSourceText: unexpected node type 'import_prefix'
getSourceText: unexpected node type 'import_prefix'
getSourceText: unexpected node type 'import_prefix'
getSourceText: unexpected node type 'import_prefix'
getSourceText: unexpected node type 'import_prefix'
getSourceText: unexpected node type 'import_prefix'
getSourceText: unexpected node type 'import_prefix'
getSourceText: unexpected node type 'import_prefix'
getSourceText: unexpected node type 'import_prefix'
getSourceText: unexpected node type 'import_prefix'
getSourceText: unexpected node type 'import_prefix'
getSourceText: unexpected node type 'import_prefix'
getSourceText: unexpected node type 'import_prefix'
getSourceText: unexpected node type 'import_prefix'
getSourceText: unexpected node type 'import_prefix'
getSourceText: unexpected node type 'import_prefix'
getSourceText: unexpected node type 'import_prefix'
getSourceText: unexpected node type 'import_prefix'
getSourceText: unexpected node type 'import_prefix'
getSourceText: unexpected node type 'import_prefix'
getSourceText: unexpected node type 'import_prefix'
getSourceText: unexpected node type 'import_prefix'
getSourceText: unexpected node type 'import_prefix'
getSourceText: unexpected node type 'import_prefix'
getSourceText: unexpected node type 'import_prefix'
getSourceText: unexpected node type 'import_prefix'
getSourceText: unexpected node type 'import_prefix'
getSourceText: unexpected node type 'import_prefix'
