2023-02-22 22:38:37.051 [info] Log level: Info
2023-02-22 22:38:37.051 [info] Validating found git in: "git"
2023-02-22 22:38:37.051 [info] Using git "" from "git"
2023-02-22 22:38:37.051 [info] > git rev-parse --show-toplevel [145ms]
2023-02-22 22:38:37.128 [info] > git rev-parse --show-toplevel [52ms]
2023-02-22 22:38:37.155 [info] > git rev-parse --show-toplevel [12ms]
2023-02-22 22:38:37.194 [info] > git rev-parse --show-toplevel [26ms]
2023-02-22 22:38:37.206 [info] > git rev-parse --show-toplevel [3ms]
2023-02-22 22:38:37.220 [info] > git rev-parse --show-toplevel [3ms]
2023-02-22 22:38:37.236 [info] > git rev-parse --show-toplevel [7ms]
2023-02-22 22:38:37.254 [info] > git rev-parse --show-toplevel [6ms]
2023-02-22 22:38:39.160 [info] > git rev-parse --show-toplevel [4ms]
2023-02-22 22:38:40.455 [info] > git rev-parse --show-toplevel [4ms]
2023-02-22 22:38:40.473 [info] > git rev-parse --show-toplevel [3ms]
2023-02-22 22:38:58.000 [info] > git rev-parse --show-toplevel [1ms]
2023-02-22 22:38:58.009 [info] > git rev-parse --git-dir --git-common-dir [1ms]
2023-02-22 22:38:58.016 [info] Open repository: /root
2023-02-22 22:38:58.027 [info] > git config --get commit.template [1ms]
2023-02-22 22:38:58.036 [info] > git for-each-ref --format=%(refname)%00%(upstream:short)%00%(objectname)%00%(upstream:track)%00%(upstream:remotename)%00%(upstream:remoteref) refs/heads/master refs/remotes/master [1ms]
2023-02-22 22:38:58.069 [info] > git for-each-ref --sort -committerdate --format %(refname) %(objectname) %(*objectname) [11ms]
2023-02-22 22:38:58.103 [info] > git status -z -uall [56ms]
2023-02-22 22:38:58.150 [info] > git config --get commit.template [33ms]
2023-02-22 22:38:58.159 [info] > git for-each-ref --format=%(refname)%00%(upstream:short)%00%(objectname)%00%(upstream:track)%00%(upstream:remotename)%00%(upstream:remoteref) refs/heads/master refs/remotes/master [0ms]
2023-02-22 22:38:58.193 [info] > git for-each-ref --sort -committerdate --format %(refname) %(objectname) %(*objectname) [12ms]
2023-02-22 22:38:58.244 [info] > git status -z -uall [77ms]
2023-02-22 22:38:58.647 [info] > git show --textconv :backend/backend/settings.py [25ms]
2023-02-22 22:38:58.647 [info] > git show --textconv :backend/Image/models.py [17ms]
2023-02-22 22:38:58.647 [info] > git ls-files --stage -- /root/backend/backend/settings.py [9ms]
2023-02-22 22:38:58.659 [info] > git cat-file -s 770340bfc02c6503fbc148f9c1eaa8932554f146 [2ms]
2023-02-22 22:38:58.660 [info] > git ls-files --stage -- /root/backend/Image/models.py [13ms]
2023-02-22 22:38:58.669 [info] > git cat-file -s 4df4549c25f5352a64bc04f681775c6a7a95c656 [1ms]
2023-02-22 22:38:58.773 [info] > git check-ignore -v -z --stdin [16ms]
2023-02-22 22:39:03.391 [info] > git config --get commit.template [3ms]
2023-02-22 22:39:03.401 [info] > git for-each-ref --format=%(refname)%00%(upstream:short)%00%(objectname)%00%(upstream:track)%00%(upstream:remotename)%00%(upstream:remoteref) refs/heads/master refs/remotes/master [1ms]
2023-02-22 22:39:03.436 [info] > git for-each-ref --sort -committerdate --format %(refname) %(objectname) %(*objectname) [1ms]
2023-02-22 22:39:03.464 [info] > git status -z -uall [55ms]
2023-02-22 22:39:11.770 [info] > git config --get commit.template [2ms]
2023-02-22 22:39:11.781 [info] > git for-each-ref --format=%(refname)%00%(upstream:short)%00%(objectname)%00%(upstream:track)%00%(upstream:remotename)%00%(upstream:remoteref) refs/heads/master refs/remotes/master [1ms]
2023-02-22 22:39:11.807 [info] > git for-each-ref --sort -committerdate --format %(refname) %(objectname) %(*objectname) [3ms]
2023-02-22 22:39:11.845 [info] > git status -z -uall [56ms]
2023-02-22 22:39:18.546 [info] > git config --get commit.template [1ms]
2023-02-22 22:39:18.555 [info] > git for-each-ref --format=%(refname)%00%(upstream:short)%00%(objectname)%00%(upstream:track)%00%(upstream:remotename)%00%(upstream:remoteref) refs/heads/master refs/remotes/master [1ms]
2023-02-22 22:39:18.581 [info] > git for-each-ref --sort -committerdate --format %(refname) %(objectname) %(*objectname) [3ms]
2023-02-22 22:39:18.630 [info] > git status -z -uall [67ms]
