2023-02-21 23:24:39.187 [info] Extension host with pid 905 started
2023-02-21 23:24:39.199 [info] Lock '/root/.vscode-server/data/User/workspaceStorage/14d1d9e25915b0a0b3c618ae22dfd95f/vscode.lock': Lock acquired.
2023-02-21 23:24:39.270 [info] ExtensionService#_doActivateExtension vscode.emmet, startup: false, activationEvent: 'onLanguage'
2023-02-21 23:24:39.271 [info] ExtensionService#_doActivateExtension vscode.git-base, startup: true, activationEvent: '*', root cause: vscode.git
2023-02-21 23:24:39.362 [info] ExtensionService#_doActivateExtension mhutchie.git-graph, startup: false, activationEvent: '*'
2023-02-21 23:24:39.397 [info] ExtensionService#_doActivateExtension vscode.git, startup: true, activationEvent: '*'
2023-02-21 23:24:39.397 [info] ExtensionService#_doActivateExtension vscode.github, startup: true, activationEvent: '*'
2023-02-21 23:24:39.613 [info] ExtensionService#_doActivateExtension vscode.debug-auto-launch, startup: false, activationEvent: 'onStartupFinished'
2023-02-21 23:24:39.613 [info] ExtensionService#_doActivateExtension vscode.merge-conflict, startup: false, activationEvent: 'onStartupFinished'
2023-02-21 23:24:39.614 [info] Eager extensions activated
2023-02-21 23:24:39.790 [info] ExtensionService#_doActivateExtension vscode.npm, startup: false, activationEvent: 'onStartupFinished', root cause: esbenp.prettier-vscode
2023-02-21 23:24:39.991 [info] ExtensionService#_doActivateExtension esbenp.prettier-vscode, startup: false, activationEvent: 'onStartupFinished'
2023-02-21 23:24:40.283 [info] ExtensionService#_doActivateExtension formulahendry.code-runner, startup: false, activationEvent: 'onStartupFinished'
2023-02-21 23:24:40.761 [info] ExtensionService#_doActivateExtension naumovs.color-highlight, startup: false, activationEvent: '*'
2023-02-21 23:24:41.530 [info] ExtensionService#_doActivateExtension eamodio.gitlens, startup: false, activationEvent: 'onStartupFinished'
2023-02-21 23:24:47.511 [info] ExtensionService#_doActivateExtension ms-python.python, startup: false, activationEvent: 'workspaceContains:mspythonconfig.json,pyproject.toml,Pipfile,setup.py,requirements.txt,manage.py,app.py'
2023-02-21 23:25:29.412 [info] Extension host terminating: received terminate message from renderer
2023-02-21 23:25:29.412 [info] Lock '/root/.vscode-server/data/User/workspaceStorage/14d1d9e25915b0a0b3c618ae22dfd95f/vscode.lock': Marking the lockfile as scheduled to be released in 6000 ms.
2023-02-21 23:25:29.467 [error] Canceled: Canceled
	at new u (/root/.vscode-server/bin/441438abd1ac652551dbe4d408dfcec8a499b8bf/out/vs/workbench/api/node/extensionHostProcess.js:96:88070)
	at l.O (/root/.vscode-server/bin/441438abd1ac652551dbe4d408dfcec8a499b8bf/out/vs/workbench/api/node/extensionHostProcess.js:106:11276)
	at Proxy.V.<computed>.M.charCodeAt.V.<computed> (/root/.vscode-server/bin/441438abd1ac652551dbe4d408dfcec8a499b8bf/out/vs/workbench/api/node/extensionHostProcess.js:106:8557)
	at s.g (/root/.vscode-server/bin/441438abd1ac652551dbe4d408dfcec8a499b8bf/out/vs/workbench/api/node/extensionHostProcess.js:96:107430)
	at s.executeCommand (/root/.vscode-server/bin/441438abd1ac652551dbe4d408dfcec8a499b8bf/out/vs/workbench/api/node/extensionHostProcess.js:96:106806)
	at w.registerCommand.description (/root/.vscode-server/bin/441438abd1ac652551dbe4d408dfcec8a499b8bf/out/vs/workbench/api/node/extensionHostProcess.js:96:106099)
	at s.h (/root/.vscode-server/bin/441438abd1ac652551dbe4d408dfcec8a499b8bf/out/vs/workbench/api/node/extensionHostProcess.js:96:108016)
	at s.g (/root/.vscode-server/bin/441438abd1ac652551dbe4d408dfcec8a499b8bf/out/vs/workbench/api/node/extensionHostProcess.js:96:106906)
	at s.executeCommand (/root/.vscode-server/bin/441438abd1ac652551dbe4d408dfcec8a499b8bf/out/vs/workbench/api/node/extensionHostProcess.js:96:106806)
	at Object.executeCommand (/root/.vscode-server/bin/441438abd1ac652551dbe4d408dfcec8a499b8bf/out/vs/workbench/api/node/extensionHostProcess.js:117:30778)
	at setContext (/root/.vscode-server/extensions/eamodio.gitlens-13.2.0/dist/gitlens.js:205:24554)
	at y._updateContextKeys (/root/.vscode-server/extensions/eamodio.gitlens-13.2.0/dist/gitlens.js:6:6166)
	at onChanged (/root/.vscode-server/extensions/eamodio.gitlens-13.2.0/dist/gitlens.js:6:4600)
	at x.unregister (/root/.vscode-server/extensions/eamodio.gitlens-13.2.0/dist/gitlens.js:6:4737)
	at x.dispose (/root/.vscode-server/extensions/eamodio.gitlens-13.2.0/dist/gitlens.js:6:3462)
	at y.dispose (/root/.vscode-server/extensions/eamodio.gitlens-13.2.0/dist/gitlens.js:6:4287)
	at T (/root/.vscode-server/bin/441438abd1ac652551dbe4d408dfcec8a499b8bf/out/vs/workbench/api/node/extensionHostProcess.js:10:12072)
	at f.X (/root/.vscode-server/bin/441438abd1ac652551dbe4d408dfcec8a499b8bf/out/vs/workbench/api/node/extensionHostProcess.js:108:11242)
	at /root/.vscode-server/bin/441438abd1ac652551dbe4d408dfcec8a499b8bf/out/vs/workbench/api/node/extensionHostProcess.js:108:9037
	at Array.map (<anonymous>)
	at f.Q (/root/.vscode-server/bin/441438abd1ac652551dbe4d408dfcec8a499b8bf/out/vs/workbench/api/node/extensionHostProcess.js:108:9024)
	at f.terminate (/root/.vscode-server/bin/441438abd1ac652551dbe4d408dfcec8a499b8bf/out/vs/workbench/api/node/extensionHostProcess.js:108:9298)
	at h.terminate (/root/.vscode-server/bin/441438abd1ac652551dbe4d408dfcec8a499b8bf/out/vs/workbench/api/node/extensionHostProcess.js:112:1397)
	at p (/root/.vscode-server/bin/441438abd1ac652551dbe4d408dfcec8a499b8bf/out/vs/workbench/api/node/extensionHostProcess.js:122:17851)
	at /root/.vscode-server/bin/441438abd1ac652551dbe4d408dfcec8a499b8bf/out/vs/workbench/api/node/extensionHostProcess.js:122:15761
	at f.invoke (/root/.vscode-server/bin/441438abd1ac652551dbe4d408dfcec8a499b8bf/out/vs/workbench/api/node/extensionHostProcess.js:63:145)
	at g.deliver (/root/.vscode-server/bin/441438abd1ac652551dbe4d408dfcec8a499b8bf/out/vs/workbench/api/node/extensionHostProcess.js:63:2029)
	at d.fire (/root/.vscode-server/bin/441438abd1ac652551dbe4d408dfcec8a499b8bf/out/vs/workbench/api/node/extensionHostProcess.js:63:1667)
	at p.fire (/root/.vscode-server/bin/441438abd1ac652551dbe4d408dfcec8a499b8bf/out/vs/workbench/api/node/extensionHostProcess.js:72:14861)
	at t.E (/root/.vscode-server/bin/441438abd1ac652551dbe4d408dfcec8a499b8bf/out/vs/workbench/api/node/extensionHostProcess.js:72:18927)
	at /root/.vscode-server/bin/441438abd1ac652551dbe4d408dfcec8a499b8bf/out/vs/workbench/api/node/extensionHostProcess.js:72:16915
	at f.invoke (/root/.vscode-server/bin/441438abd1ac652551dbe4d408dfcec8a499b8bf/out/vs/workbench/api/node/extensionHostProcess.js:63:145)
	at g.deliver (/root/.vscode-server/bin/441438abd1ac652551dbe4d408dfcec8a499b8bf/out/vs/workbench/api/node/extensionHostProcess.js:63:2029)
	at d.fire (/root/.vscode-server/bin/441438abd1ac652551dbe4d408dfcec8a499b8bf/out/vs/workbench/api/node/extensionHostProcess.js:63:1667)
	at h.acceptChunk (/root/.vscode-server/bin/441438abd1ac652551dbe4d408dfcec8a499b8bf/out/vs/workbench/api/node/extensionHostProcess.js:72:12592)
	at /root/.vscode-server/bin/441438abd1ac652551dbe4d408dfcec8a499b8bf/out/vs/workbench/api/node/extensionHostProcess.js:72:11879
	at f.invoke (/root/.vscode-server/bin/441438abd1ac652551dbe4d408dfcec8a499b8bf/out/vs/workbench/api/node/extensionHostProcess.js:63:145)
	at g.deliver (/root/.vscode-server/bin/441438abd1ac652551dbe4d408dfcec8a499b8bf/out/vs/workbench/api/node/extensionHostProcess.js:63:2029)
	at d.fire (/root/.vscode-server/bin/441438abd1ac652551dbe4d408dfcec8a499b8bf/out/vs/workbench/api/node/extensionHostProcess.js:63:1667)
	at d.t (/root/.vscode-server/bin/441438abd1ac652551dbe4d408dfcec8a499b8bf/out/vs/workbench/api/node/extensionHostProcess.js:72:28538)
	at d.acceptFrame (/root/.vscode-server/bin/441438abd1ac652551dbe4d408dfcec8a499b8bf/out/vs/workbench/api/node/extensionHostProcess.js:72:28344)
	at f.l (/root/.vscode-server/bin/441438abd1ac652551dbe4d408dfcec8a499b8bf/out/vs/workbench/api/node/extensionHostProcess.js:72:27009)
	at /root/.vscode-server/bin/441438abd1ac652551dbe4d408dfcec8a499b8bf/out/vs/workbench/api/node/extensionHostProcess.js:72:24515
	at Socket.t (/root/.vscode-server/bin/441438abd1ac652551dbe4d408dfcec8a499b8bf/out/vs/workbench/api/node/extensionHostProcess.js:72:22415)
	at Socket.emit (node:events:526:28)
	at addChunk (node:internal/streams/readable:315:12)
	at readableAddChunk (node:internal/streams/readable:289:9)
	at Socket.Readable.push (node:internal/streams/readable:228:10)
	at TCP.onStreamRead (node:internal/stream_base_commons:190:23) setContext undefined
2023-02-21 23:25:29.467 [error] Canceled: Canceled
	at new u (/root/.vscode-server/bin/441438abd1ac652551dbe4d408dfcec8a499b8bf/out/vs/workbench/api/node/extensionHostProcess.js:96:88070)
	at l.O (/root/.vscode-server/bin/441438abd1ac652551dbe4d408dfcec8a499b8bf/out/vs/workbench/api/node/extensionHostProcess.js:106:11276)
	at Proxy.V.<computed>.M.charCodeAt.V.<computed> (/root/.vscode-server/bin/441438abd1ac652551dbe4d408dfcec8a499b8bf/out/vs/workbench/api/node/extensionHostProcess.js:106:8557)
	at s.g (/root/.vscode-server/bin/441438abd1ac652551dbe4d408dfcec8a499b8bf/out/vs/workbench/api/node/extensionHostProcess.js:96:107430)
	at s.executeCommand (/root/.vscode-server/bin/441438abd1ac652551dbe4d408dfcec8a499b8bf/out/vs/workbench/api/node/extensionHostProcess.js:96:106806)
	at w.registerCommand.description (/root/.vscode-server/bin/441438abd1ac652551dbe4d408dfcec8a499b8bf/out/vs/workbench/api/node/extensionHostProcess.js:96:106099)
	at s.h (/root/.vscode-server/bin/441438abd1ac652551dbe4d408dfcec8a499b8bf/out/vs/workbench/api/node/extensionHostProcess.js:96:108016)
	at s.g (/root/.vscode-server/bin/441438abd1ac652551dbe4d408dfcec8a499b8bf/out/vs/workbench/api/node/extensionHostProcess.js:96:106906)
	at s.executeCommand (/root/.vscode-server/bin/441438abd1ac652551dbe4d408dfcec8a499b8bf/out/vs/workbench/api/node/extensionHostProcess.js:96:106806)
	at Object.executeCommand (/root/.vscode-server/bin/441438abd1ac652551dbe4d408dfcec8a499b8bf/out/vs/workbench/api/node/extensionHostProcess.js:117:30778)
	at setContext (/root/.vscode-server/extensions/eamodio.gitlens-13.2.0/dist/gitlens.js:205:24554)
	at y._updateContextKeys (/root/.vscode-server/extensions/eamodio.gitlens-13.2.0/dist/gitlens.js:6:6166)
	at onChanged (/root/.vscode-server/extensions/eamodio.gitlens-13.2.0/dist/gitlens.js:6:4600)
	at x.unregister (/root/.vscode-server/extensions/eamodio.gitlens-13.2.0/dist/gitlens.js:6:4737)
	at x.dispose (/root/.vscode-server/extensions/eamodio.gitlens-13.2.0/dist/gitlens.js:6:3462)
	at y.dispose (/root/.vscode-server/extensions/eamodio.gitlens-13.2.0/dist/gitlens.js:6:4287)
	at T (/root/.vscode-server/bin/441438abd1ac652551dbe4d408dfcec8a499b8bf/out/vs/workbench/api/node/extensionHostProcess.js:10:12072)
	at f.X (/root/.vscode-server/bin/441438abd1ac652551dbe4d408dfcec8a499b8bf/out/vs/workbench/api/node/extensionHostProcess.js:108:11242)
	at /root/.vscode-server/bin/441438abd1ac652551dbe4d408dfcec8a499b8bf/out/vs/workbench/api/node/extensionHostProcess.js:108:9037
	at Array.map (<anonymous>)
	at f.Q (/root/.vscode-server/bin/441438abd1ac652551dbe4d408dfcec8a499b8bf/out/vs/workbench/api/node/extensionHostProcess.js:108:9024)
	at f.terminate (/root/.vscode-server/bin/441438abd1ac652551dbe4d408dfcec8a499b8bf/out/vs/workbench/api/node/extensionHostProcess.js:108:9298)
	at h.terminate (/root/.vscode-server/bin/441438abd1ac652551dbe4d408dfcec8a499b8bf/out/vs/workbench/api/node/extensionHostProcess.js:112:1397)
	at p (/root/.vscode-server/bin/441438abd1ac652551dbe4d408dfcec8a499b8bf/out/vs/workbench/api/node/extensionHostProcess.js:122:17851)
	at /root/.vscode-server/bin/441438abd1ac652551dbe4d408dfcec8a499b8bf/out/vs/workbench/api/node/extensionHostProcess.js:122:15761
	at f.invoke (/root/.vscode-server/bin/441438abd1ac652551dbe4d408dfcec8a499b8bf/out/vs/workbench/api/node/extensionHostProcess.js:63:145)
	at g.deliver (/root/.vscode-server/bin/441438abd1ac652551dbe4d408dfcec8a499b8bf/out/vs/workbench/api/node/extensionHostProcess.js:63:2029)
	at d.fire (/root/.vscode-server/bin/441438abd1ac652551dbe4d408dfcec8a499b8bf/out/vs/workbench/api/node/extensionHostProcess.js:63:1667)
	at p.fire (/root/.vscode-server/bin/441438abd1ac652551dbe4d408dfcec8a499b8bf/out/vs/workbench/api/node/extensionHostProcess.js:72:14861)
	at t.E (/root/.vscode-server/bin/441438abd1ac652551dbe4d408dfcec8a499b8bf/out/vs/workbench/api/node/extensionHostProcess.js:72:18927)
	at /root/.vscode-server/bin/441438abd1ac652551dbe4d408dfcec8a499b8bf/out/vs/workbench/api/node/extensionHostProcess.js:72:16915
	at f.invoke (/root/.vscode-server/bin/441438abd1ac652551dbe4d408dfcec8a499b8bf/out/vs/workbench/api/node/extensionHostProcess.js:63:145)
	at g.deliver (/root/.vscode-server/bin/441438abd1ac652551dbe4d408dfcec8a499b8bf/out/vs/workbench/api/node/extensionHostProcess.js:63:2029)
	at d.fire (/root/.vscode-server/bin/441438abd1ac652551dbe4d408dfcec8a499b8bf/out/vs/workbench/api/node/extensionHostProcess.js:63:1667)
	at h.acceptChunk (/root/.vscode-server/bin/441438abd1ac652551dbe4d408dfcec8a499b8bf/out/vs/workbench/api/node/extensionHostProcess.js:72:12592)
	at /root/.vscode-server/bin/441438abd1ac652551dbe4d408dfcec8a499b8bf/out/vs/workbench/api/node/extensionHostProcess.js:72:11879
	at f.invoke (/root/.vscode-server/bin/441438abd1ac652551dbe4d408dfcec8a499b8bf/out/vs/workbench/api/node/extensionHostProcess.js:63:145)
	at g.deliver (/root/.vscode-server/bin/441438abd1ac652551dbe4d408dfcec8a499b8bf/out/vs/workbench/api/node/extensionHostProcess.js:63:2029)
	at d.fire (/root/.vscode-server/bin/441438abd1ac652551dbe4d408dfcec8a499b8bf/out/vs/workbench/api/node/extensionHostProcess.js:63:1667)
	at d.t (/root/.vscode-server/bin/441438abd1ac652551dbe4d408dfcec8a499b8bf/out/vs/workbench/api/node/extensionHostProcess.js:72:28538)
	at d.acceptFrame (/root/.vscode-server/bin/441438abd1ac652551dbe4d408dfcec8a499b8bf/out/vs/workbench/api/node/extensionHostProcess.js:72:28344)
	at f.l (/root/.vscode-server/bin/441438abd1ac652551dbe4d408dfcec8a499b8bf/out/vs/workbench/api/node/extensionHostProcess.js:72:27009)
	at /root/.vscode-server/bin/441438abd1ac652551dbe4d408dfcec8a499b8bf/out/vs/workbench/api/node/extensionHostProcess.js:72:24515
	at Socket.t (/root/.vscode-server/bin/441438abd1ac652551dbe4d408dfcec8a499b8bf/out/vs/workbench/api/node/extensionHostProcess.js:72:22415)
	at Socket.emit (node:events:526:28)
	at addChunk (node:internal/streams/readable:315:12)
	at readableAddChunk (node:internal/streams/readable:289:9)
	at Socket.Readable.push (node:internal/streams/readable:228:10)
	at TCP.onStreamRead (node:internal/stream_base_commons:190:23) setContext undefined
2023-02-21 23:25:29.467 [error] Canceled: Canceled
	at new u (/root/.vscode-server/bin/441438abd1ac652551dbe4d408dfcec8a499b8bf/out/vs/workbench/api/node/extensionHostProcess.js:96:88070)
	at l.O (/root/.vscode-server/bin/441438abd1ac652551dbe4d408dfcec8a499b8bf/out/vs/workbench/api/node/extensionHostProcess.js:106:11276)
	at Proxy.V.<computed>.M.charCodeAt.V.<computed> (/root/.vscode-server/bin/441438abd1ac652551dbe4d408dfcec8a499b8bf/out/vs/workbench/api/node/extensionHostProcess.js:106:8557)
	at s.g (/root/.vscode-server/bin/441438abd1ac652551dbe4d408dfcec8a499b8bf/out/vs/workbench/api/node/extensionHostProcess.js:96:107430)
	at s.executeCommand (/root/.vscode-server/bin/441438abd1ac652551dbe4d408dfcec8a499b8bf/out/vs/workbench/api/node/extensionHostProcess.js:96:106806)
	at w.registerCommand.description (/root/.vscode-server/bin/441438abd1ac652551dbe4d408dfcec8a499b8bf/out/vs/workbench/api/node/extensionHostProcess.js:96:106099)
	at s.h (/root/.vscode-server/bin/441438abd1ac652551dbe4d408dfcec8a499b8bf/out/vs/workbench/api/node/extensionHostProcess.js:96:108016)
	at s.g (/root/.vscode-server/bin/441438abd1ac652551dbe4d408dfcec8a499b8bf/out/vs/workbench/api/node/extensionHostProcess.js:96:106906)
	at s.executeCommand (/root/.vscode-server/bin/441438abd1ac652551dbe4d408dfcec8a499b8bf/out/vs/workbench/api/node/extensionHostProcess.js:96:106806)
	at Object.executeCommand (/root/.vscode-server/bin/441438abd1ac652551dbe4d408dfcec8a499b8bf/out/vs/workbench/api/node/extensionHostProcess.js:117:30778)
	at setContext (/root/.vscode-server/extensions/eamodio.gitlens-13.2.0/dist/gitlens.js:205:24554)
	at y._updateContextKeys (/root/.vscode-server/extensions/eamodio.gitlens-13.2.0/dist/gitlens.js:6:6166)
	at onChanged (/root/.vscode-server/extensions/eamodio.gitlens-13.2.0/dist/gitlens.js:6:4600)
	at x.unregister (/root/.vscode-server/extensions/eamodio.gitlens-13.2.0/dist/gitlens.js:6:4737)
	at x.dispose (/root/.vscode-server/extensions/eamodio.gitlens-13.2.0/dist/gitlens.js:6:3462)
	at y.dispose (/root/.vscode-server/extensions/eamodio.gitlens-13.2.0/dist/gitlens.js:6:4287)
	at T (/root/.vscode-server/bin/441438abd1ac652551dbe4d408dfcec8a499b8bf/out/vs/workbench/api/node/extensionHostProcess.js:10:12072)
	at f.X (/root/.vscode-server/bin/441438abd1ac652551dbe4d408dfcec8a499b8bf/out/vs/workbench/api/node/extensionHostProcess.js:108:11242)
	at /root/.vscode-server/bin/441438abd1ac652551dbe4d408dfcec8a499b8bf/out/vs/workbench/api/node/extensionHostProcess.js:108:9037
	at Array.map (<anonymous>)
	at f.Q (/root/.vscode-server/bin/441438abd1ac652551dbe4d408dfcec8a499b8bf/out/vs/workbench/api/node/extensionHostProcess.js:108:9024)
	at f.terminate (/root/.vscode-server/bin/441438abd1ac652551dbe4d408dfcec8a499b8bf/out/vs/workbench/api/node/extensionHostProcess.js:108:9298)
	at h.terminate (/root/.vscode-server/bin/441438abd1ac652551dbe4d408dfcec8a499b8bf/out/vs/workbench/api/node/extensionHostProcess.js:112:1397)
	at p (/root/.vscode-server/bin/441438abd1ac652551dbe4d408dfcec8a499b8bf/out/vs/workbench/api/node/extensionHostProcess.js:122:17851)
	at /root/.vscode-server/bin/441438abd1ac652551dbe4d408dfcec8a499b8bf/out/vs/workbench/api/node/extensionHostProcess.js:122:15761
	at f.invoke (/root/.vscode-server/bin/441438abd1ac652551dbe4d408dfcec8a499b8bf/out/vs/workbench/api/node/extensionHostProcess.js:63:145)
	at g.deliver (/root/.vscode-server/bin/441438abd1ac652551dbe4d408dfcec8a499b8bf/out/vs/workbench/api/node/extensionHostProcess.js:63:2029)
	at d.fire (/root/.vscode-server/bin/441438abd1ac652551dbe4d408dfcec8a499b8bf/out/vs/workbench/api/node/extensionHostProcess.js:63:1667)
	at p.fire (/root/.vscode-server/bin/441438abd1ac652551dbe4d408dfcec8a499b8bf/out/vs/workbench/api/node/extensionHostProcess.js:72:14861)
	at t.E (/root/.vscode-server/bin/441438abd1ac652551dbe4d408dfcec8a499b8bf/out/vs/workbench/api/node/extensionHostProcess.js:72:18927)
	at /root/.vscode-server/bin/441438abd1ac652551dbe4d408dfcec8a499b8bf/out/vs/workbench/api/node/extensionHostProcess.js:72:16915
	at f.invoke (/root/.vscode-server/bin/441438abd1ac652551dbe4d408dfcec8a499b8bf/out/vs/workbench/api/node/extensionHostProcess.js:63:145)
	at g.deliver (/root/.vscode-server/bin/441438abd1ac652551dbe4d408dfcec8a499b8bf/out/vs/workbench/api/node/extensionHostProcess.js:63:2029)
	at d.fire (/root/.vscode-server/bin/441438abd1ac652551dbe4d408dfcec8a499b8bf/out/vs/workbench/api/node/extensionHostProcess.js:63:1667)
	at h.acceptChunk (/root/.vscode-server/bin/441438abd1ac652551dbe4d408dfcec8a499b8bf/out/vs/workbench/api/node/extensionHostProcess.js:72:12592)
	at /root/.vscode-server/bin/441438abd1ac652551dbe4d408dfcec8a499b8bf/out/vs/workbench/api/node/extensionHostProcess.js:72:11879
	at f.invoke (/root/.vscode-server/bin/441438abd1ac652551dbe4d408dfcec8a499b8bf/out/vs/workbench/api/node/extensionHostProcess.js:63:145)
	at g.deliver (/root/.vscode-server/bin/441438abd1ac652551dbe4d408dfcec8a499b8bf/out/vs/workbench/api/node/extensionHostProcess.js:63:2029)
	at d.fire (/root/.vscode-server/bin/441438abd1ac652551dbe4d408dfcec8a499b8bf/out/vs/workbench/api/node/extensionHostProcess.js:63:1667)
	at d.t (/root/.vscode-server/bin/441438abd1ac652551dbe4d408dfcec8a499b8bf/out/vs/workbench/api/node/extensionHostProcess.js:72:28538)
	at d.acceptFrame (/root/.vscode-server/bin/441438abd1ac652551dbe4d408dfcec8a499b8bf/out/vs/workbench/api/node/extensionHostProcess.js:72:28344)
	at f.l (/root/.vscode-server/bin/441438abd1ac652551dbe4d408dfcec8a499b8bf/out/vs/workbench/api/node/extensionHostProcess.js:72:27009)
	at /root/.vscode-server/bin/441438abd1ac652551dbe4d408dfcec8a499b8bf/out/vs/workbench/api/node/extensionHostProcess.js:72:24515
	at Socket.t (/root/.vscode-server/bin/441438abd1ac652551dbe4d408dfcec8a499b8bf/out/vs/workbench/api/node/extensionHostProcess.js:72:22415)
	at Socket.emit (node:events:526:28)
	at addChunk (node:internal/streams/readable:315:12)
	at readableAddChunk (node:internal/streams/readable:289:9)
	at Socket.Readable.push (node:internal/streams/readable:228:10)
	at TCP.onStreamRead (node:internal/stream_base_commons:190:23) setContext undefined
2023-02-21 23:25:29.467 [error] Canceled: Canceled
	at new u (/root/.vscode-server/bin/441438abd1ac652551dbe4d408dfcec8a499b8bf/out/vs/workbench/api/node/extensionHostProcess.js:96:88070)
	at l.O (/root/.vscode-server/bin/441438abd1ac652551dbe4d408dfcec8a499b8bf/out/vs/workbench/api/node/extensionHostProcess.js:106:11276)
	at Proxy.V.<computed>.M.charCodeAt.V.<computed> (/root/.vscode-server/bin/441438abd1ac652551dbe4d408dfcec8a499b8bf/out/vs/workbench/api/node/extensionHostProcess.js:106:8557)
	at s.g (/root/.vscode-server/bin/441438abd1ac652551dbe4d408dfcec8a499b8bf/out/vs/workbench/api/node/extensionHostProcess.js:96:107430)
	at s.executeCommand (/root/.vscode-server/bin/441438abd1ac652551dbe4d408dfcec8a499b8bf/out/vs/workbench/api/node/extensionHostProcess.js:96:106806)
	at w.registerCommand.description (/root/.vscode-server/bin/441438abd1ac652551dbe4d408dfcec8a499b8bf/out/vs/workbench/api/node/extensionHostProcess.js:96:106099)
	at s.h (/root/.vscode-server/bin/441438abd1ac652551dbe4d408dfcec8a499b8bf/out/vs/workbench/api/node/extensionHostProcess.js:96:108016)
	at s.g (/root/.vscode-server/bin/441438abd1ac652551dbe4d408dfcec8a499b8bf/out/vs/workbench/api/node/extensionHostProcess.js:96:106906)
	at s.executeCommand (/root/.vscode-server/bin/441438abd1ac652551dbe4d408dfcec8a499b8bf/out/vs/workbench/api/node/extensionHostProcess.js:96:106806)
	at Object.executeCommand (/root/.vscode-server/bin/441438abd1ac652551dbe4d408dfcec8a499b8bf/out/vs/workbench/api/node/extensionHostProcess.js:117:30778)
	at setContext (/root/.vscode-server/extensions/eamodio.gitlens-13.2.0/dist/gitlens.js:205:24554)
	at y._updateContextKeys (/root/.vscode-server/extensions/eamodio.gitlens-13.2.0/dist/gitlens.js:6:6166)
	at onChanged (/root/.vscode-server/extensions/eamodio.gitlens-13.2.0/dist/gitlens.js:6:4600)
	at x.unregister (/root/.vscode-server/extensions/eamodio.gitlens-13.2.0/dist/gitlens.js:6:4737)
	at x.dispose (/root/.vscode-server/extensions/eamodio.gitlens-13.2.0/dist/gitlens.js:6:3462)
	at Object.dispose (/root/.vscode-server/extensions/eamodio.gitlens-13.2.0/dist/gitlens.js:6:4836)
	at T (/root/.vscode-server/bin/441438abd1ac652551dbe4d408dfcec8a499b8bf/out/vs/workbench/api/node/extensionHostProcess.js:10:12072)
	at f.X (/root/.vscode-server/bin/441438abd1ac652551dbe4d408dfcec8a499b8bf/out/vs/workbench/api/node/extensionHostProcess.js:108:11242)
	at /root/.vscode-server/bin/441438abd1ac652551dbe4d408dfcec8a499b8bf/out/vs/workbench/api/node/extensionHostProcess.js:108:9037
	at Array.map (<anonymous>)
	at f.Q (/root/.vscode-server/bin/441438abd1ac652551dbe4d408dfcec8a499b8bf/out/vs/workbench/api/node/extensionHostProcess.js:108:9024)
	at f.terminate (/root/.vscode-server/bin/441438abd1ac652551dbe4d408dfcec8a499b8bf/out/vs/workbench/api/node/extensionHostProcess.js:108:9298)
	at h.terminate (/root/.vscode-server/bin/441438abd1ac652551dbe4d408dfcec8a499b8bf/out/vs/workbench/api/node/extensionHostProcess.js:112:1397)
	at p (/root/.vscode-server/bin/441438abd1ac652551dbe4d408dfcec8a499b8bf/out/vs/workbench/api/node/extensionHostProcess.js:122:17851)
	at /root/.vscode-server/bin/441438abd1ac652551dbe4d408dfcec8a499b8bf/out/vs/workbench/api/node/extensionHostProcess.js:122:15761
	at f.invoke (/root/.vscode-server/bin/441438abd1ac652551dbe4d408dfcec8a499b8bf/out/vs/workbench/api/node/extensionHostProcess.js:63:145)
	at g.deliver (/root/.vscode-server/bin/441438abd1ac652551dbe4d408dfcec8a499b8bf/out/vs/workbench/api/node/extensionHostProcess.js:63:2029)
	at d.fire (/root/.vscode-server/bin/441438abd1ac652551dbe4d408dfcec8a499b8bf/out/vs/workbench/api/node/extensionHostProcess.js:63:1667)
	at p.fire (/root/.vscode-server/bin/441438abd1ac652551dbe4d408dfcec8a499b8bf/out/vs/workbench/api/node/extensionHostProcess.js:72:14861)
	at t.E (/root/.vscode-server/bin/441438abd1ac652551dbe4d408dfcec8a499b8bf/out/vs/workbench/api/node/extensionHostProcess.js:72:18927)
	at /root/.vscode-server/bin/441438abd1ac652551dbe4d408dfcec8a499b8bf/out/vs/workbench/api/node/extensionHostProcess.js:72:16915
	at f.invoke (/root/.vscode-server/bin/441438abd1ac652551dbe4d408dfcec8a499b8bf/out/vs/workbench/api/node/extensionHostProcess.js:63:145)
	at g.deliver (/root/.vscode-server/bin/441438abd1ac652551dbe4d408dfcec8a499b8bf/out/vs/workbench/api/node/extensionHostProcess.js:63:2029)
	at d.fire (/root/.vscode-server/bin/441438abd1ac652551dbe4d408dfcec8a499b8bf/out/vs/workbench/api/node/extensionHostProcess.js:63:1667)
	at h.acceptChunk (/root/.vscode-server/bin/441438abd1ac652551dbe4d408dfcec8a499b8bf/out/vs/workbench/api/node/extensionHostProcess.js:72:12592)
	at /root/.vscode-server/bin/441438abd1ac652551dbe4d408dfcec8a499b8bf/out/vs/workbench/api/node/extensionHostProcess.js:72:11879
	at f.invoke (/root/.vscode-server/bin/441438abd1ac652551dbe4d408dfcec8a499b8bf/out/vs/workbench/api/node/extensionHostProcess.js:63:145)
	at g.deliver (/root/.vscode-server/bin/441438abd1ac652551dbe4d408dfcec8a499b8bf/out/vs/workbench/api/node/extensionHostProcess.js:63:2029)
	at d.fire (/root/.vscode-server/bin/441438abd1ac652551dbe4d408dfcec8a499b8bf/out/vs/workbench/api/node/extensionHostProcess.js:63:1667)
	at d.t (/root/.vscode-server/bin/441438abd1ac652551dbe4d408dfcec8a499b8bf/out/vs/workbench/api/node/extensionHostProcess.js:72:28538)
	at d.acceptFrame (/root/.vscode-server/bin/441438abd1ac652551dbe4d408dfcec8a499b8bf/out/vs/workbench/api/node/extensionHostProcess.js:72:28344)
	at f.l (/root/.vscode-server/bin/441438abd1ac652551dbe4d408dfcec8a499b8bf/out/vs/workbench/api/node/extensionHostProcess.js:72:27009)
	at /root/.vscode-server/bin/441438abd1ac652551dbe4d408dfcec8a499b8bf/out/vs/workbench/api/node/extensionHostProcess.js:72:24515
	at Socket.t (/root/.vscode-server/bin/441438abd1ac652551dbe4d408dfcec8a499b8bf/out/vs/workbench/api/node/extensionHostProcess.js:72:22415)
	at Socket.emit (node:events:526:28)
	at addChunk (node:internal/streams/readable:315:12)
	at readableAddChunk (node:internal/streams/readable:289:9)
	at Socket.Readable.push (node:internal/streams/readable:228:10)
	at TCP.onStreamRead (node:internal/stream_base_commons:190:23) setContext undefined
2023-02-21 23:25:29.468 [error] Canceled: Canceled
	at new u (/root/.vscode-server/bin/441438abd1ac652551dbe4d408dfcec8a499b8bf/out/vs/workbench/api/node/extensionHostProcess.js:96:88070)
	at l.O (/root/.vscode-server/bin/441438abd1ac652551dbe4d408dfcec8a499b8bf/out/vs/workbench/api/node/extensionHostProcess.js:106:11276)
	at Proxy.V.<computed>.M.charCodeAt.V.<computed> (/root/.vscode-server/bin/441438abd1ac652551dbe4d408dfcec8a499b8bf/out/vs/workbench/api/node/extensionHostProcess.js:106:8557)
	at s.g (/root/.vscode-server/bin/441438abd1ac652551dbe4d408dfcec8a499b8bf/out/vs/workbench/api/node/extensionHostProcess.js:96:107430)
	at s.executeCommand (/root/.vscode-server/bin/441438abd1ac652551dbe4d408dfcec8a499b8bf/out/vs/workbench/api/node/extensionHostProcess.js:96:106806)
	at w.registerCommand.description (/root/.vscode-server/bin/441438abd1ac652551dbe4d408dfcec8a499b8bf/out/vs/workbench/api/node/extensionHostProcess.js:96:106099)
	at s.h (/root/.vscode-server/bin/441438abd1ac652551dbe4d408dfcec8a499b8bf/out/vs/workbench/api/node/extensionHostProcess.js:96:108016)
	at s.g (/root/.vscode-server/bin/441438abd1ac652551dbe4d408dfcec8a499b8bf/out/vs/workbench/api/node/extensionHostProcess.js:96:106906)
	at s.executeCommand (/root/.vscode-server/bin/441438abd1ac652551dbe4d408dfcec8a499b8bf/out/vs/workbench/api/node/extensionHostProcess.js:96:106806)
	at Object.executeCommand (/root/.vscode-server/bin/441438abd1ac652551dbe4d408dfcec8a499b8bf/out/vs/workbench/api/node/extensionHostProcess.js:117:30778)
	at setContext (/root/.vscode-server/extensions/eamodio.gitlens-13.2.0/dist/gitlens.js:205:24554)
	at y._updateContextKeys (/root/.vscode-server/extensions/eamodio.gitlens-13.2.0/dist/gitlens.js:6:6166)
	at onChanged (/root/.vscode-server/extensions/eamodio.gitlens-13.2.0/dist/gitlens.js:6:4600)
	at x.unregister (/root/.vscode-server/extensions/eamodio.gitlens-13.2.0/dist/gitlens.js:6:4737)
	at x.dispose (/root/.vscode-server/extensions/eamodio.gitlens-13.2.0/dist/gitlens.js:6:3462)
	at Object.dispose (/root/.vscode-server/extensions/eamodio.gitlens-13.2.0/dist/gitlens.js:6:4836)
	at T (/root/.vscode-server/bin/441438abd1ac652551dbe4d408dfcec8a499b8bf/out/vs/workbench/api/node/extensionHostProcess.js:10:12072)
	at f.X (/root/.vscode-server/bin/441438abd1ac652551dbe4d408dfcec8a499b8bf/out/vs/workbench/api/node/extensionHostProcess.js:108:11242)
	at /root/.vscode-server/bin/441438abd1ac652551dbe4d408dfcec8a499b8bf/out/vs/workbench/api/node/extensionHostProcess.js:108:9037
	at Array.map (<anonymous>)
	at f.Q (/root/.vscode-server/bin/441438abd1ac652551dbe4d408dfcec8a499b8bf/out/vs/workbench/api/node/extensionHostProcess.js:108:9024)
	at f.terminate (/root/.vscode-server/bin/441438abd1ac652551dbe4d408dfcec8a499b8bf/out/vs/workbench/api/node/extensionHostProcess.js:108:9298)
	at h.terminate (/root/.vscode-server/bin/441438abd1ac652551dbe4d408dfcec8a499b8bf/out/vs/workbench/api/node/extensionHostProcess.js:112:1397)
	at p (/root/.vscode-server/bin/441438abd1ac652551dbe4d408dfcec8a499b8bf/out/vs/workbench/api/node/extensionHostProcess.js:122:17851)
	at /root/.vscode-server/bin/441438abd1ac652551dbe4d408dfcec8a499b8bf/out/vs/workbench/api/node/extensionHostProcess.js:122:15761
	at f.invoke (/root/.vscode-server/bin/441438abd1ac652551dbe4d408dfcec8a499b8bf/out/vs/workbench/api/node/extensionHostProcess.js:63:145)
	at g.deliver (/root/.vscode-server/bin/441438abd1ac652551dbe4d408dfcec8a499b8bf/out/vs/workbench/api/node/extensionHostProcess.js:63:2029)
	at d.fire (/root/.vscode-server/bin/441438abd1ac652551dbe4d408dfcec8a499b8bf/out/vs/workbench/api/node/extensionHostProcess.js:63:1667)
	at p.fire (/root/.vscode-server/bin/441438abd1ac652551dbe4d408dfcec8a499b8bf/out/vs/workbench/api/node/extensionHostProcess.js:72:14861)
	at t.E (/root/.vscode-server/bin/441438abd1ac652551dbe4d408dfcec8a499b8bf/out/vs/workbench/api/node/extensionHostProcess.js:72:18927)
	at /root/.vscode-server/bin/441438abd1ac652551dbe4d408dfcec8a499b8bf/out/vs/workbench/api/node/extensionHostProcess.js:72:16915
	at f.invoke (/root/.vscode-server/bin/441438abd1ac652551dbe4d408dfcec8a499b8bf/out/vs/workbench/api/node/extensionHostProcess.js:63:145)
	at g.deliver (/root/.vscode-server/bin/441438abd1ac652551dbe4d408dfcec8a499b8bf/out/vs/workbench/api/node/extensionHostProcess.js:63:2029)
	at d.fire (/root/.vscode-server/bin/441438abd1ac652551dbe4d408dfcec8a499b8bf/out/vs/workbench/api/node/extensionHostProcess.js:63:1667)
	at h.acceptChunk (/root/.vscode-server/bin/441438abd1ac652551dbe4d408dfcec8a499b8bf/out/vs/workbench/api/node/extensionHostProcess.js:72:12592)
	at /root/.vscode-server/bin/441438abd1ac652551dbe4d408dfcec8a499b8bf/out/vs/workbench/api/node/extensionHostProcess.js:72:11879
	at f.invoke (/root/.vscode-server/bin/441438abd1ac652551dbe4d408dfcec8a499b8bf/out/vs/workbench/api/node/extensionHostProcess.js:63:145)
	at g.deliver (/root/.vscode-server/bin/441438abd1ac652551dbe4d408dfcec8a499b8bf/out/vs/workbench/api/node/extensionHostProcess.js:63:2029)
	at d.fire (/root/.vscode-server/bin/441438abd1ac652551dbe4d408dfcec8a499b8bf/out/vs/workbench/api/node/extensionHostProcess.js:63:1667)
	at d.t (/root/.vscode-server/bin/441438abd1ac652551dbe4d408dfcec8a499b8bf/out/vs/workbench/api/node/extensionHostProcess.js:72:28538)
	at d.acceptFrame (/root/.vscode-server/bin/441438abd1ac652551dbe4d408dfcec8a499b8bf/out/vs/workbench/api/node/extensionHostProcess.js:72:28344)
	at f.l (/root/.vscode-server/bin/441438abd1ac652551dbe4d408dfcec8a499b8bf/out/vs/workbench/api/node/extensionHostProcess.js:72:27009)
	at /root/.vscode-server/bin/441438abd1ac652551dbe4d408dfcec8a499b8bf/out/vs/workbench/api/node/extensionHostProcess.js:72:24515
	at Socket.t (/root/.vscode-server/bin/441438abd1ac652551dbe4d408dfcec8a499b8bf/out/vs/workbench/api/node/extensionHostProcess.js:72:22415)
	at Socket.emit (node:events:526:28)
	at addChunk (node:internal/streams/readable:315:12)
	at readableAddChunk (node:internal/streams/readable:289:9)
	at Socket.Readable.push (node:internal/streams/readable:228:10)
	at TCP.onStreamRead (node:internal/stream_base_commons:190:23) setContext undefined
2023-02-21 23:25:29.468 [error] Canceled: Canceled
	at new u (/root/.vscode-server/bin/441438abd1ac652551dbe4d408dfcec8a499b8bf/out/vs/workbench/api/node/extensionHostProcess.js:96:88070)
	at l.O (/root/.vscode-server/bin/441438abd1ac652551dbe4d408dfcec8a499b8bf/out/vs/workbench/api/node/extensionHostProcess.js:106:11276)
	at Proxy.V.<computed>.M.charCodeAt.V.<computed> (/root/.vscode-server/bin/441438abd1ac652551dbe4d408dfcec8a499b8bf/out/vs/workbench/api/node/extensionHostProcess.js:106:8557)
	at s.g (/root/.vscode-server/bin/441438abd1ac652551dbe4d408dfcec8a499b8bf/out/vs/workbench/api/node/extensionHostProcess.js:96:107430)
	at s.executeCommand (/root/.vscode-server/bin/441438abd1ac652551dbe4d408dfcec8a499b8bf/out/vs/workbench/api/node/extensionHostProcess.js:96:106806)
	at w.registerCommand.description (/root/.vscode-server/bin/441438abd1ac652551dbe4d408dfcec8a499b8bf/out/vs/workbench/api/node/extensionHostProcess.js:96:106099)
	at s.h (/root/.vscode-server/bin/441438abd1ac652551dbe4d408dfcec8a499b8bf/out/vs/workbench/api/node/extensionHostProcess.js:96:108016)
	at s.g (/root/.vscode-server/bin/441438abd1ac652551dbe4d408dfcec8a499b8bf/out/vs/workbench/api/node/extensionHostProcess.js:96:106906)
	at s.executeCommand (/root/.vscode-server/bin/441438abd1ac652551dbe4d408dfcec8a499b8bf/out/vs/workbench/api/node/extensionHostProcess.js:96:106806)
	at Object.executeCommand (/root/.vscode-server/bin/441438abd1ac652551dbe4d408dfcec8a499b8bf/out/vs/workbench/api/node/extensionHostProcess.js:117:30778)
	at setContext (/root/.vscode-server/extensions/eamodio.gitlens-13.2.0/dist/gitlens.js:205:24554)
	at y._updateContextKeys (/root/.vscode-server/extensions/eamodio.gitlens-13.2.0/dist/gitlens.js:6:6166)
	at onChanged (/root/.vscode-server/extensions/eamodio.gitlens-13.2.0/dist/gitlens.js:6:4600)
	at x.unregister (/root/.vscode-server/extensions/eamodio.gitlens-13.2.0/dist/gitlens.js:6:4737)
	at x.dispose (/root/.vscode-server/extensions/eamodio.gitlens-13.2.0/dist/gitlens.js:6:3462)
	at Object.dispose (/root/.vscode-server/extensions/eamodio.gitlens-13.2.0/dist/gitlens.js:6:4836)
	at T (/root/.vscode-server/bin/441438abd1ac652551dbe4d408dfcec8a499b8bf/out/vs/workbench/api/node/extensionHostProcess.js:10:12072)
	at f.X (/root/.vscode-server/bin/441438abd1ac652551dbe4d408dfcec8a499b8bf/out/vs/workbench/api/node/extensionHostProcess.js:108:11242)
	at /root/.vscode-server/bin/441438abd1ac652551dbe4d408dfcec8a499b8bf/out/vs/workbench/api/node/extensionHostProcess.js:108:9037
	at Array.map (<anonymous>)
	at f.Q (/root/.vscode-server/bin/441438abd1ac652551dbe4d408dfcec8a499b8bf/out/vs/workbench/api/node/extensionHostProcess.js:108:9024)
	at f.terminate (/root/.vscode-server/bin/441438abd1ac652551dbe4d408dfcec8a499b8bf/out/vs/workbench/api/node/extensionHostProcess.js:108:9298)
	at h.terminate (/root/.vscode-server/bin/441438abd1ac652551dbe4d408dfcec8a499b8bf/out/vs/workbench/api/node/extensionHostProcess.js:112:1397)
	at p (/root/.vscode-server/bin/441438abd1ac652551dbe4d408dfcec8a499b8bf/out/vs/workbench/api/node/extensionHostProcess.js:122:17851)
	at /root/.vscode-server/bin/441438abd1ac652551dbe4d408dfcec8a499b8bf/out/vs/workbench/api/node/extensionHostProcess.js:122:15761
	at f.invoke (/root/.vscode-server/bin/441438abd1ac652551dbe4d408dfcec8a499b8bf/out/vs/workbench/api/node/extensionHostProcess.js:63:145)
	at g.deliver (/root/.vscode-server/bin/441438abd1ac652551dbe4d408dfcec8a499b8bf/out/vs/workbench/api/node/extensionHostProcess.js:63:2029)
	at d.fire (/root/.vscode-server/bin/441438abd1ac652551dbe4d408dfcec8a499b8bf/out/vs/workbench/api/node/extensionHostProcess.js:63:1667)
	at p.fire (/root/.vscode-server/bin/441438abd1ac652551dbe4d408dfcec8a499b8bf/out/vs/workbench/api/node/extensionHostProcess.js:72:14861)
	at t.E (/root/.vscode-server/bin/441438abd1ac652551dbe4d408dfcec8a499b8bf/out/vs/workbench/api/node/extensionHostProcess.js:72:18927)
	at /root/.vscode-server/bin/441438abd1ac652551dbe4d408dfcec8a499b8bf/out/vs/workbench/api/node/extensionHostProcess.js:72:16915
	at f.invoke (/root/.vscode-server/bin/441438abd1ac652551dbe4d408dfcec8a499b8bf/out/vs/workbench/api/node/extensionHostProcess.js:63:145)
	at g.deliver (/root/.vscode-server/bin/441438abd1ac652551dbe4d408dfcec8a499b8bf/out/vs/workbench/api/node/extensionHostProcess.js:63:2029)
	at d.fire (/root/.vscode-server/bin/441438abd1ac652551dbe4d408dfcec8a499b8bf/out/vs/workbench/api/node/extensionHostProcess.js:63:1667)
	at h.acceptChunk (/root/.vscode-server/bin/441438abd1ac652551dbe4d408dfcec8a499b8bf/out/vs/workbench/api/node/extensionHostProcess.js:72:12592)
	at /root/.vscode-server/bin/441438abd1ac652551dbe4d408dfcec8a499b8bf/out/vs/workbench/api/node/extensionHostProcess.js:72:11879
	at f.invoke (/root/.vscode-server/bin/441438abd1ac652551dbe4d408dfcec8a499b8bf/out/vs/workbench/api/node/extensionHostProcess.js:63:145)
	at g.deliver (/root/.vscode-server/bin/441438abd1ac652551dbe4d408dfcec8a499b8bf/out/vs/workbench/api/node/extensionHostProcess.js:63:2029)
	at d.fire (/root/.vscode-server/bin/441438abd1ac652551dbe4d408dfcec8a499b8bf/out/vs/workbench/api/node/extensionHostProcess.js:63:1667)
	at d.t (/root/.vscode-server/bin/441438abd1ac652551dbe4d408dfcec8a499b8bf/out/vs/workbench/api/node/extensionHostProcess.js:72:28538)
	at d.acceptFrame (/root/.vscode-server/bin/441438abd1ac652551dbe4d408dfcec8a499b8bf/out/vs/workbench/api/node/extensionHostProcess.js:72:28344)
	at f.l (/root/.vscode-server/bin/441438abd1ac652551dbe4d408dfcec8a499b8bf/out/vs/workbench/api/node/extensionHostProcess.js:72:27009)
	at /root/.vscode-server/bin/441438abd1ac652551dbe4d408dfcec8a499b8bf/out/vs/workbench/api/node/extensionHostProcess.js:72:24515
	at Socket.t (/root/.vscode-server/bin/441438abd1ac652551dbe4d408dfcec8a499b8bf/out/vs/workbench/api/node/extensionHostProcess.js:72:22415)
	at Socket.emit (node:events:526:28)
	at addChunk (node:internal/streams/readable:315:12)
	at readableAddChunk (node:internal/streams/readable:289:9)
	at Socket.Readable.push (node:internal/streams/readable:228:10)
	at TCP.onStreamRead (node:internal/stream_base_commons:190:23) setContext undefined
2023-02-21 23:25:29.480 [info] Extension host with pid 905 exiting with code 0
