[Info  - 10:38:37 PM] (17593) Pylance language server 2023.2.30 (pyright dec6aa20) starting
[Info  - 10:38:37 PM] (17593) Server root directory: /root/.vscode-server/extensions/ms-python.vscode-pylance-2023.2.30/dist
[Info  - 10:38:37 PM] (17593) Starting service instance "backend"
[Info  - 10:38:37 PM] (17593) Auto-indent enabled
[Info  - 10:38:37 PM] (17593) Starting service instance "<default>"
[Info  - 10:38:37 PM] (17593) No pyproject.toml file found.
[Info  - 10:38:37 PM] (17593) Setting pythonPath for service "<default>": "/usr/local/bin/python"
[Warn  - 10:38:37 PM] (17593) stubPath typings is not a valid directory.
[Info  - 10:38:37 PM] (17593) Assuming Python version 3.11
[Info  - 10:38:37 PM] (17593) Assuming Python platform Linux
[Info  - 10:38:37 PM] (17593) Searching for source files
[Info  - 10:38:37 PM] (17593) No source files found.
[Info  - 10:38:37 PM] (17593) No configuration file found.
[Info  - 10:38:37 PM] (17593) No pyproject.toml file found.
[Info  - 10:38:37 PM] (17593) Setting pythonPath for service "backend": "/usr/local/bin/python"
[Warn  - 10:38:38 PM] (17593) stubPath /root/backend/typings is not a valid directory.
[Info  - 10:38:38 PM] (17593) Assuming Python version 3.11
[Info  - 10:38:38 PM] (17593) Assuming Python platform Linux
[Info  - 10:38:38 PM] (17593) Searching for source files
[Info  - 10:38:38 PM] (17593) Found 34 source files
[Info  - 10:38:38 PM] (17593) No pyproject.toml file found.
[Info  - 10:38:38 PM] (17593) Setting pythonPath for service "<default>": "/usr/local/bin/python"
[Warn  - 10:38:38 PM] (17593) stubPath typings is not a valid directory.
[Info  - 10:38:38 PM] (17593) Assuming Python version 3.11
[Info  - 10:38:38 PM] (17593) Assuming Python platform Linux
[Info  - 10:38:38 PM] (17593) Searching for source files
[Info  - 10:38:38 PM] (17593) No source files found.
[Info  - 10:38:38 PM] (17593) Background analysis(1) root directory: /root/.vscode-server/extensions/ms-python.vscode-pylance-2023.2.30/dist
[Info  - 10:38:38 PM] (17593) Background analysis(1) started
[Info  - 10:38:38 PM] (17593) Background analysis(2) root directory: /root/.vscode-server/extensions/ms-python.vscode-pylance-2023.2.30/dist
[Info  - 10:38:38 PM] (17593) Background analysis(2) started
[Info  - 10:38:38 PM] (17593) Indexer background runner(3) root directory: /root/.vscode-server/extensions/ms-python.vscode-pylance-2023.2.30/dist (index)
[Info  - 10:38:38 PM] (17593) Indexing(3) started
[Info  - 10:38:39 PM] (17593) scanned(3) 42 files over 1 exec env
[Info  - 10:38:39 PM] (17593) indexed(3) 28 files over 1 exec env
[Info  - 10:38:39 PM] (17593) Indexing finished(3).
