[2023-02-22 22:38:35.869] Starting Git Graph ...
[2023-02-22 22:38:36.344] Using git (version: 2.30.2)
[2023-02-22 22:38:36.357] > git rev-parse --show-toplevel
[2023-02-22 22:38:36.358] Showing "Git Graph" Status Bar Item
[2023-02-22 22:38:36.358] Started Git Graph - Ready to use!
[2023-02-22 22:38:36.853] Successfully set Visual Studio Code Context "git-graph:codiconsSupported" to "true"
[2023-02-22 22:38:36.886] Searching workspace for new repos ...
[2023-02-22 22:38:36.886] Completed searching workspace for new repos
[2023-02-22 22:38:39.081] Created Git Graph View
[2023-02-22 22:38:40.332] > git branch -a --no-color
[2023-02-22 22:38:40.346] > git remote
[2023-02-22 22:38:40.357] > git reflog --format=... refs/stash --
[2023-02-22 22:38:40.359] Started watching repo: /root
[2023-02-22 22:38:40.535] > git -c log.showSignature=false log --max-count=301 --format=... --date-order --branches --tags --remotes HEAD --
[2023-02-22 22:38:40.547] > git show-ref -d --head
[2023-02-22 22:38:40.564] > git status --untracked-files=all --porcelain
[2023-02-22 22:38:40.671] > git --no-pager config --list -z --includes
[2023-02-22 22:38:40.686] > git --no-pager config --list -z --includes --local
[2023-02-22 22:38:40.698] > git --no-pager config --list -z --includes --global
[2023-02-22 22:38:45.737] Stopped watching repo: /root
[2023-02-22 22:39:04.320] > git branch -a --no-color
[2023-02-22 22:39:04.326] > git remote
[2023-02-22 22:39:04.332] > git reflog --format=... refs/stash --
[2023-02-22 22:39:04.333] Started watching repo: /root
[2023-02-22 22:39:04.345] > git -c log.showSignature=false log --max-count=301 --format=... --date-order --branches --tags --remotes HEAD --
[2023-02-22 22:39:04.350] > git show-ref -d --head
[2023-02-22 22:39:04.358] > git status --untracked-files=all --porcelain
