[2023-02-21 23:24:39.540] Starting Git Graph ...
[2023-02-21 23:24:39.596] Using git (version: 2.30.2)
[2023-02-21 23:24:39.603] Started Git Graph - Ready to use!
[2023-02-21 23:24:39.604] Searching workspace for new repos ...
[2023-02-21 23:24:39.608] > git rev-parse --show-toplevel
[2023-02-21 23:24:39.647] Completed searching workspace for new repos
[2023-02-21 23:24:39.662] Successfully set Visual Studio Code Context "git-graph:codiconsSupported" to "true"
[2023-02-21 23:24:49.341] > git rev-parse --show-toplevel
[2023-02-21 23:24:49.346] > git rev-parse --show-toplevel
[2023-02-21 23:24:49.351] > git rev-parse --show-toplevel
[2023-02-21 23:24:49.357] > git rev-parse --show-toplevel
[2023-02-21 23:24:49.375] > git rev-parse --show-toplevel
[2023-02-21 23:24:49.380] > git rev-parse --show-toplevel
[2023-02-21 23:24:49.385] > git rev-parse --show-toplevel
[2023-02-21 23:24:49.410] > git rev-parse --show-toplevel
[2023-02-21 23:24:49.415] > git rev-parse --show-toplevel
[2023-02-21 23:24:49.418] > git rev-parse --show-toplevel
[2023-02-21 23:24:49.447] > git rev-parse --show-toplevel
[2023-02-21 23:24:49.487] > git rev-parse --show-toplevel
[2023-02-21 23:24:49.492] > git rev-parse --show-toplevel
[2023-02-21 23:24:49.530] > git rev-parse --show-toplevel
[2023-02-21 23:24:49.571] > git rev-parse --show-toplevel
[2023-02-21 23:24:49.634] > git rev-parse --show-toplevel
[2023-02-21 23:24:49.756] > git rev-parse --show-toplevel
[2023-02-21 23:24:49.998] > git rev-parse --show-toplevel
[2023-02-21 23:24:50.003] > git rev-parse --show-toplevel
[2023-02-21 23:24:50.008] > git rev-parse --show-toplevel
[2023-02-21 23:24:50.068] > git rev-parse --show-toplevel
[2023-02-21 23:24:50.142] > git rev-parse --show-toplevel
[2023-02-21 23:24:50.148] > git rev-parse --show-toplevel
[2023-02-21 23:25:02.798] > git rev-parse --show-toplevel
[2023-02-21 23:25:12.468] > git rev-parse --show-toplevel
[2023-02-21 23:25:18.291] > git rev-parse --show-toplevel
