[Info  - 11:24:50 PM] (1454) Pylance language server 2023.2.30 (pyright dec6aa20) starting
[Info  - 11:24:50 PM] (1454) Server root directory: /root/.vscode-server/extensions/ms-python.vscode-pylance-2023.2.30/dist
[Info  - 11:24:50 PM] (1454) Starting service instance "root"
[Info  - 11:24:50 PM] (1454) Starting service instance "<default>"
[Info  - 11:24:50 PM] (1454) No pyproject.toml file found.
[Info  - 11:24:50 PM] (1454) Setting pythonPath for service "<default>": "/root/mbae059/venv/bin/python3"
[Warn  - 11:24:50 PM] (1454) stubPath typings is not a valid directory.
[Info  - 11:24:50 PM] (1454) Assuming Python platform Linux
[Info  - 11:24:50 PM] (1454) Searching for source files
[Info  - 11:24:50 PM] (1454) No source files found.
[Info  - 11:24:50 PM] (1454) No configuration file found.
[Info  - 11:24:50 PM] (1454) No pyproject.toml file found.
[Info  - 11:24:50 PM] (1454) Setting pythonPath for service "root": "/root/mbae059/venv/bin/python3"
[Warn  - 11:24:50 PM] (1454) stubPath /root/typings is not a valid directory.
[Info  - 11:24:50 PM] (1454) Assuming Python platform Linux
[Info  - 11:24:50 PM] (1454) Searching for source files
[Info  - 11:24:50 PM] (1454) Found 6 source files
[Info  - 11:24:50 PM] (1454) Background analysis(1) root directory: /root/.vscode-server/extensions/ms-python.vscode-pylance-2023.2.30/dist
[Info  - 11:24:50 PM] (1454) Background analysis(1) started
[Info  - 11:24:50 PM] (1454) Background analysis(2) root directory: /root/.vscode-server/extensions/ms-python.vscode-pylance-2023.2.30/dist
[Info  - 11:24:50 PM] (1454) Background analysis(2) started
[Info  - 11:25:11 PM] (1454) Searching for source files
[Info  - 11:25:11 PM] (1454) Found 6 source files
[Info  - 11:25:17 PM] (1454) Searching for source files
[Info  - 11:25:17 PM] (1454) Found 6 source files
[Info  - 11:25:25 PM] (1454) Searching for source files
[Info  - 11:25:25 PM] (1454) Found 6 source files
